
*** Running vivado
    with args -log instruction_decoder.vdi -applog -m64 -product Vivado -messageDb vivado.pb -mode batch -source instruction_decoder.tcl -notrace


****** Vivado v2019.1 (64-bit)
  **** SW Build 2552052 on Fri May 24 14:49:42 MDT 2019
  **** IP Build 2548770 on Fri May 24 18:01:18 MDT 2019
    ** Copyright 1986-2019 Xilinx, Inc. All Rights Reserved.

source instruction_decoder.tcl -notrace
Command: link_design -top instruction_decoder -part xc7a35tcpg236-1
Design is defaulting to srcset: sources_1
Design is defaulting to constrset: constrs_1
INFO: [Device 21-403] Loading part xc7a35tcpg236-1
INFO: [Netlist 29-17] Analyzing 256 Unisim elements for replacement
INFO: [Netlist 29-28] Unisim Transformation completed in 0 CPU seconds
INFO: [Project 1-479] Netlist was created with Vivado 2019.1
INFO: [Project 1-570] Preparing netlist for logic optimization
Netlist sorting complete. Time (s): cpu = 00:00:00 ; elapsed = 00:00:00.001 . Memory (MB): peak = 631.344 ; gain = 0.000
INFO: [Project 1-111] Unisim Transformation Summary:
No Unisim elements were transformed.

6 Infos, 0 Warnings, 0 Critical Warnings and 0 Errors encountered.
link_design completed successfully
link_design: Time (s): cpu = 00:00:06 ; elapsed = 00:00:08 . Memory (MB): peak = 660.176 ; gain = 360.750
Command: opt_design
Attempting to get a license for feature 'Implementation' and/or device 'xc7a35t'
INFO: [Common 17-349] Got license for feature 'Implementation' and/or device 'xc7a35t'
Running DRC as a precondition to command opt_design

Starting DRC Task
INFO: [DRC 23-27] Running DRC with 2 threads
INFO: [Project 1-461] DRC finished with 0 Errors
INFO: [Project 1-462] Please refer to the DRC report (report_drc) for more information.

Time (s): cpu = 00:00:02 ; elapsed = 00:00:00.683 . Memory (MB): peak = 680.871 ; gain = 20.695

Starting Cache Timing Information Task
INFO: [Timing 38-35] Done setting XDC timing constraints.
Ending Cache Timing Information Task | Checksum: 74cb3f48

Time (s): cpu = 00:00:09 ; elapsed = 00:00:10 . Memory (MB): peak = 1226.727 ; gain = 545.855

Starting Logic Optimization Task

Phase 1 Retarget
INFO: [Opt 31-138] Pushed 0 inverter(s) to 0 load pin(s).
INFO: [Opt 31-49] Retargeted 0 cell(s).
Phase 1 Retarget | Checksum: 74cb3f48

Time (s): cpu = 00:00:00 ; elapsed = 00:00:00.089 . Memory (MB): peak = 1366.727 ; gain = 0.000
INFO: [Opt 31-389] Phase Retarget created 0 cells and removed 0 cells

Phase 2 Constant propagation
INFO: [Opt 31-138] Pushed 0 inverter(s) to 0 load pin(s).
Phase 2 Constant propagation | Checksum: 74cb3f48

Time (s): cpu = 00:00:00 ; elapsed = 00:00:00.104 . Memory (MB): peak = 1366.727 ; gain = 0.000
INFO: [Opt 31-389] Phase Constant propagation created 0 cells and removed 0 cells

Phase 3 Sweep
Phase 3 Sweep | Checksum: 74cb3f48

Time (s): cpu = 00:00:00 ; elapsed = 00:00:00.123 . Memory (MB): peak = 1366.727 ; gain = 0.000
INFO: [Opt 31-389] Phase Sweep created 0 cells and removed 0 cells

Phase 4 BUFG optimization
Phase 4 BUFG optimization | Checksum: 74cb3f48

Time (s): cpu = 00:00:00 ; elapsed = 00:00:00.138 . Memory (MB): peak = 1366.727 ; gain = 0.000
INFO: [Opt 31-662] Phase BUFG optimization created 0 cells of which 0 are BUFGs and removed 0 cells.

Phase 5 Shift Register Optimization
INFO: [Opt 31-1064] SRL Remap converted 0 SRLs to 0 registers and converted 0 registers of register chains to 0 SRLs
Phase 5 Shift Register Optimization | Checksum: 74cb3f48

Time (s): cpu = 00:00:01 ; elapsed = 00:00:00.165 . Memory (MB): peak = 1366.727 ; gain = 0.000
INFO: [Opt 31-389] Phase Shift Register Optimization created 0 cells and removed 0 cells

Phase 6 Post Processing Netlist
Phase 6 Post Processing Netlist | Checksum: 74cb3f48

Time (s): cpu = 00:00:01 ; elapsed = 00:00:00.175 . Memory (MB): peak = 1366.727 ; gain = 0.000
INFO: [Opt 31-389] Phase Post Processing Netlist created 0 cells and removed 0 cells
Opt_design Change Summary
=========================


-------------------------------------------------------------------------------------------------------------------------
|  Phase                        |  #Cells created  |  #Cells Removed  |  #Constrained objects preventing optimizations  |
-------------------------------------------------------------------------------------------------------------------------
|  Retarget                     |               0  |               0  |                                              0  |
|  Constant propagation         |               0  |               0  |                                              0  |
|  Sweep                        |               0  |               0  |                                              0  |
|  BUFG optimization            |               0  |               0  |                                              0  |
|  Shift Register Optimization  |               0  |               0  |                                              0  |
|  Post Processing Netlist      |               0  |               0  |                                              0  |
-------------------------------------------------------------------------------------------------------------------------



Starting Connectivity Check Task

Time (s): cpu = 00:00:00 ; elapsed = 00:00:00.003 . Memory (MB): peak = 1366.727 ; gain = 0.000
Ending Logic Optimization Task | Checksum: 74cb3f48

Time (s): cpu = 00:00:01 ; elapsed = 00:00:00.182 . Memory (MB): peak = 1366.727 ; gain = 0.000

Starting Power Optimization Task
INFO: [Pwropt 34-132] Skipping clock gating for clocks with a period < 2.00 ns.
Ending Power Optimization Task | Checksum: 74cb3f48

Time (s): cpu = 00:00:00 ; elapsed = 00:00:00.010 . Memory (MB): peak = 1366.727 ; gain = 0.000

Starting Final Cleanup Task
Ending Final Cleanup Task | Checksum: 74cb3f48

Time (s): cpu = 00:00:00 ; elapsed = 00:00:00 . Memory (MB): peak = 1366.727 ; gain = 0.000

Starting Netlist Obfuscation Task
Netlist sorting complete. Time (s): cpu = 00:00:00 ; elapsed = 00:00:00 . Memory (MB): peak = 1366.727 ; gain = 0.000
Ending Netlist Obfuscation Task | Checksum: 74cb3f48

Time (s): cpu = 00:00:00 ; elapsed = 00:00:00 . Memory (MB): peak = 1366.727 ; gain = 0.000
INFO: [Common 17-83] Releasing license: Implementation
23 Infos, 0 Warnings, 0 Critical Warnings and 0 Errors encountered.
opt_design completed successfully
opt_design: Time (s): cpu = 00:00:14 ; elapsed = 00:00:13 . Memory (MB): peak = 1366.727 ; gain = 706.551
Netlist sorting complete. Time (s): cpu = 00:00:00 ; elapsed = 00:00:00.001 . Memory (MB): peak = 1366.727 ; gain = 0.000
WARNING: [Constraints 18-5210] No constraints selected for write.
Resolution: This message can indicate that there are no constraints for the design, or it can indicate that the used_in flags are set such that the constraints are ignored. This later case is used when running synth_design to not write synthesis constraints to the resulting checkpoint. Instead, project constraints are read when the synthesized design is opened.
INFO: [Timing 38-35] Done setting XDC timing constraints.
INFO: [Common 17-1381] The checkpoint 'C:/Users/Dhruv/Desktop/DSD II/Lab_3/Instruction_Decode/Instruction_Decode.runs/impl_1/instruction_decoder_opt.dcp' has been generated.
INFO: [runtcl-4] Executing : report_drc -file instruction_decoder_drc_opted.rpt -pb instruction_decoder_drc_opted.pb -rpx instruction_decoder_drc_opted.rpx
Command: report_drc -file instruction_decoder_drc_opted.rpt -pb instruction_decoder_drc_opted.pb -rpx instruction_decoder_drc_opted.rpx
INFO: [IP_Flow 19-234] Refreshing IP repositories
INFO: [IP_Flow 19-1704] No user IP repositories specified
INFO: [IP_Flow 19-2313] Loaded Vivado IP repository 'C:/Xilinx/Vivado/2019.1/data/ip'.
INFO: [DRC 23-27] Running DRC with 2 threads
INFO: [Coretcl 2-168] The results of DRC are in file C:/Users/Dhruv/Desktop/DSD II/Lab_3/Instruction_Decode/Instruction_Decode.runs/impl_1/instruction_decoder_drc_opted.rpt.
report_drc completed successfully
Command: place_design
Attempting to get a license for feature 'Implementation' and/or device 'xc7a35t'
INFO: [Common 17-349] Got license for feature 'Implementation' and/or device 'xc7a35t'
INFO: [DRC 23-27] Running DRC with 2 threads
INFO: [Vivado_Tcl 4-198] DRC finished with 0 Errors
INFO: [Vivado_Tcl 4-199] Please refer to the DRC report (report_drc) for more information.
Running DRC as a precondition to command place_design
INFO: [DRC 23-27] Running DRC with 2 threads
INFO: [Vivado_Tcl 4-198] DRC finished with 0 Errors
INFO: [Vivado_Tcl 4-199] Please refer to the DRC report (report_drc) for more information.

Starting Placer Task
INFO: [Place 30-611] Multithreading enabled for place_design using a maximum of 2 CPUs

Phase 1 Placer Initialization

Phase 1.1 Placer Initialization Netlist Sorting
Netlist sorting complete. Time (s): cpu = 00:00:00 ; elapsed = 00:00:00.001 . Memory (MB): peak = 1366.727 ; gain = 0.000
Phase 1.1 Placer Initialization Netlist Sorting | Checksum: 21ff81ad

Time (s): cpu = 00:00:00 ; elapsed = 00:00:00.006 . Memory (MB): peak = 1366.727 ; gain = 0.000
Netlist sorting complete. Time (s): cpu = 00:00:00 ; elapsed = 00:00:00.001 . Memory (MB): peak = 1366.727 ; gain = 0.000

Phase 1.2 IO Placement/ Clock Placement/ Build Placer Device
Phase 1.2 IO Placement/ Clock Placement/ Build Placer Device | Checksum: 21ff81ad

Time (s): cpu = 00:00:01 ; elapsed = 00:00:00.770 . Memory (MB): peak = 1366.727 ; gain = 0.000

Phase 1.3 Build Placer Netlist Model
Phase 1.3 Build Placer Netlist Model | Checksum: 3b301d0b

Time (s): cpu = 00:00:01 ; elapsed = 00:00:00.849 . Memory (MB): peak = 1366.727 ; gain = 0.000

Phase 1.4 Constrain Clocks/Macros
Phase 1.4 Constrain Clocks/Macros | Checksum: 3b301d0b

Time (s): cpu = 00:00:01 ; elapsed = 00:00:00.855 . Memory (MB): peak = 1366.727 ; gain = 0.000
Phase 1 Placer Initialization | Checksum: 3b301d0b

Time (s): cpu = 00:00:01 ; elapsed = 00:00:00.862 . Memory (MB): peak = 1366.727 ; gain = 0.000

Phase 2 Global Placement

Phase 2.1 Floorplanning
Phase 2.1 Floorplanning | Checksum: 3b301d0b

Time (s): cpu = 00:00:01 ; elapsed = 00:00:00.877 . Memory (MB): peak = 1366.727 ; gain = 0.000

Phase 2.2 Global Placement Core
WARNING: [Place 46-29] place_design is not in timing mode. Skip physical synthesis in placer
Phase 2.2 Global Placement Core | Checksum: e08807d9

Time (s): cpu = 00:00:04 ; elapsed = 00:00:02 . Memory (MB): peak = 1366.727 ; gain = 0.000
Phase 2 Global Placement | Checksum: e08807d9

Time (s): cpu = 00:00:04 ; elapsed = 00:00:02 . Memory (MB): peak = 1366.727 ; gain = 0.000

Phase 3 Detail Placement

Phase 3.1 Commit Multi Column Macros
Phase 3.1 Commit Multi Column Macros | Checksum: e08807d9

Time (s): cpu = 00:00:04 ; elapsed = 00:00:02 . Memory (MB): peak = 1366.727 ; gain = 0.000

Phase 3.2 Commit Most Macros & LUTRAMs
Phase 3.2 Commit Most Macros & LUTRAMs | Checksum: 67f55632

Time (s): cpu = 00:00:04 ; elapsed = 00:00:02 . Memory (MB): peak = 1366.727 ; gain = 0.000

Phase 3.3 Area Swap Optimization
Phase 3.3 Area Swap Optimization | Checksum: aec2e198

Time (s): cpu = 00:00:04 ; elapsed = 00:00:02 . Memory (MB): peak = 1366.727 ; gain = 0.000

Phase 3.4 Pipeline Register Optimization
Phase 3.4 Pipeline Register Optimization | Checksum: aec2e198

Time (s): cpu = 00:00:04 ; elapsed = 00:00:02 . Memory (MB): peak = 1366.727 ; gain = 0.000

Phase 3.5 Small Shape Detail Placement
Phase 3.5 Small Shape Detail Placement | Checksum: 7ad62f93

Time (s): cpu = 00:00:06 ; elapsed = 00:00:04 . Memory (MB): peak = 1366.727 ; gain = 0.000

Phase 3.6 Re-assign LUT pins
Phase 3.6 Re-assign LUT pins | Checksum: 7ad62f93

Time (s): cpu = 00:00:06 ; elapsed = 00:00:04 . Memory (MB): peak = 1366.727 ; gain = 0.000

Phase 3.7 Pipeline Register Optimization
Phase 3.7 Pipeline Register Optimization | Checksum: 7ad62f93

Time (s): cpu = 00:00:06 ; elapsed = 00:00:04 . Memory (MB): peak = 1366.727 ; gain = 0.000
Phase 3 Detail Placement | Checksum: 7ad62f93

Time (s): cpu = 00:00:06 ; elapsed = 00:00:04 . Memory (MB): peak = 1366.727 ; gain = 0.000

Phase 4 Post Placement Optimization and Clean-Up

Phase 4.1 Post Commit Optimization
Phase 4.1 Post Commit Optimization | Checksum: 7ad62f93

Time (s): cpu = 00:00:06 ; elapsed = 00:00:04 . Memory (MB): peak = 1366.727 ; gain = 0.000

Phase 4.2 Post Placement Cleanup
Phase 4.2 Post Placement Cleanup | Checksum: 7ad62f93

Time (s): cpu = 00:00:06 ; elapsed = 00:00:04 . Memory (MB): peak = 1366.727 ; gain = 0.000

Phase 4.3 Placer Reporting
Phase 4.3 Placer Reporting | Checksum: 7ad62f93

Time (s): cpu = 00:00:06 ; elapsed = 00:00:04 . Memory (MB): peak = 1366.727 ; gain = 0.000

Phase 4.4 Final Placement Cleanup
Netlist sorting complete. Time (s): cpu = 00:00:00 ; elapsed = 00:00:00 . Memory (MB): peak = 1366.727 ; gain = 0.000
Phase 4.4 Final Placement Cleanup | Checksum: 7ad62f93

Time (s): cpu = 00:00:06 ; elapsed = 00:00:04 . Memory (MB): peak = 1366.727 ; gain = 0.000
Phase 4 Post Placement Optimization and Clean-Up | Checksum: 7ad62f93

Time (s): cpu = 00:00:06 ; elapsed = 00:00:04 . Memory (MB): peak = 1366.727 ; gain = 0.000
Ending Placer Task | Checksum: 531a9943

Time (s): cpu = 00:00:06 ; elapsed = 00:00:04 . Memory (MB): peak = 1366.727 ; gain = 0.000
INFO: [Common 17-83] Releasing license: Implementation
40 Infos, 2 Warnings, 0 Critical Warnings and 0 Errors encountered.
place_design completed successfully
Netlist sorting complete. Time (s): cpu = 00:00:00 ; elapsed = 00:00:00.001 . Memory (MB): peak = 1366.727 ; gain = 0.000
WARNING: [Constraints 18-5210] No constraints selected for write.
Resolution: This message can indicate that there are no constraints for the design, or it can indicate that the used_in flags are set such that the constraints are ignored. This later case is used when running synth_design to not write synthesis constraints to the resulting checkpoint. Instead, project constraints are read when the synthesized design is opened.
Writing placer database...
Writing XDEF routing.
Writing XDEF routing logical nets.
Writing XDEF routing special nets.
Write XDEF Complete: Time (s): cpu = 00:00:01 ; elapsed = 00:00:00.299 . Memory (MB): peak = 1383.352 ; gain = 16.625
INFO: [Common 17-1381] The checkpoint 'C:/Users/Dhruv/Desktop/DSD II/Lab_3/Instruction_Decode/Instruction_Decode.runs/impl_1/instruction_decoder_placed.dcp' has been generated.
INFO: [runtcl-4] Executing : report_io -file instruction_decoder_io_placed.rpt
report_io: Time (s): cpu = 00:00:00 ; elapsed = 00:00:00.034 . Memory (MB): peak = 1383.352 ; gain = 0.000
INFO: [runtcl-4] Executing : report_utilization -file instruction_decoder_utilization_placed.rpt -pb instruction_decoder_utilization_placed.pb
INFO: [runtcl-4] Executing : report_control_sets -verbose -file instruction_decoder_control_sets_placed.rpt
report_control_sets: Time (s): cpu = 00:00:00 ; elapsed = 00:00:00.034 . Memory (MB): peak = 1383.352 ; gain = 0.000
Command: route_design
Attempting to get a license for feature 'Implementation' and/or device 'xc7a35t'
INFO: [Common 17-349] Got license for feature 'Implementation' and/or device 'xc7a35t'
Running DRC as a precondition to command route_design
INFO: [DRC 23-27] Running DRC with 2 threads
INFO: [Vivado_Tcl 4-198] DRC finished with 0 Errors
INFO: [Vivado_Tcl 4-199] Please refer to the DRC report (report_drc) for more information.


Starting Routing Task
INFO: [Route 35-254] Multithreading enabled for route_design using a maximum of 2 CPUs
Checksum: PlaceDB: 311b1796 ConstDB: 0 ShapeSum: 21ff81ad RouteDB: 0

Phase 1 Build RT Design
WARNING: [Route 35-197] Clock port "clk" does not have an associated HD.CLK_SRC. Without this constraint, timing analysis may not be accurate and upstream checks cannot be done to ensure correct clock placement.
WARNING: [Route 35-198] Port "RegWriteData[11]" does not have an associated HD.PARTPIN_LOCS, which will prevent the partial routing of the signal "RegWriteData[11]". Without this partial route, timing analysis to/from this port will not be accurate, and no routing information for this port can be exported.
WARNING: [Route 35-198] Port "RegWriteData[18]" does not have an associated HD.PARTPIN_LOCS, which will prevent the partial routing of the signal "RegWriteData[18]". Without this partial route, timing analysis to/from this port will not be accurate, and no routing information for this port can be exported.
WARNING: [Route 35-198] Port "RegWriteData[30]" does not have an associated HD.PARTPIN_LOCS, which will prevent the partial routing of the signal "RegWriteData[30]". Without this partial route, timing analysis to/from this port will not be accurate, and no routing information for this port can be exported.
WARNING: [Route 35-198] Port "RegWriteData[13]" does not have an associated HD.PARTPIN_LOCS, which will prevent the partial routing of the signal "RegWriteData[13]". Without this partial route, timing analysis to/from this port will not be accurate, and no routing information for this port can be exported.
WARNING: [Route 35-198] Port "RegWriteData[14]" does not have an associated HD.PARTPIN_LOCS, which will prevent the partial routing of the signal "RegWriteData[14]". Without this partial route, timing analysis to/from this port will not be accurate, and no routing information for this port can be exported.
WARNING: [Route 35-198] Port "RegWriteData[16]" does not have an associated HD.PARTPIN_LOCS, which will prevent the partial routing of the signal "RegWriteData[16]". Without this partial route, timing analysis to/from this port will not be accurate, and no routing information for this port can be exported.
WARNING: [Route 35-198] Port "RegWriteData[5]" does not have an associated HD.PARTPIN_LOCS, which will prevent the partial routing of the signal "RegWriteData[5]". Without this partial route, timing analysis to/from this port will not be accurate, and no routing information for this port can be exported.
WARNING: [Route 35-198] Port "Instruction[23]" does not have an associated HD.PARTPIN_LOCS, which will prevent the partial routing of the signal "Instruction[23]". Without this partial route, timing analysis to/from this port will not be accurate, and no routing information for this port can be exported.
WARNING: [Route 35-198] Port "Instruction[22]" does not have an associated HD.PARTPIN_LOCS, which will prevent the partial routing of the signal "Instruction[22]". Without this partial route, timing analysis to/from this port will not be accurate, and no routing information for this port can be exported.
WARNING: [Route 35-198] Port "Instruction[21]" does not have an associated HD.PARTPIN_LOCS, which will prevent the partial routing of the signal "Instruction[21]". Without this partial route, timing analysis to/from this port will not be accurate, and no routing information for this port can be exported.
WARNING: [Route 35-198] Port "Instruction[18]" does not have an associated HD.PARTPIN_LOCS, which will prevent the partial routing of the signal "Instruction[18]". Without this partial route, timing analysis to/from this port will not be accurate, and no routing information for this port can be exported.
WARNING: [Route 35-198] Port "Instruction[17]" does not have an associated HD.PARTPIN_LOCS, which will prevent the partial routing of the signal "Instruction[17]". Without this partial route, timing analysis to/from this port will not be accurate, and no routing information for this port can be exported.
WARNING: [Route 35-198] Port "Instruction[16]" does not have an associated HD.PARTPIN_LOCS, which will prevent the partial routing of the signal "Instruction[16]". Without this partial route, timing analysis to/from this port will not be accurate, and no routing information for this port can be exported.
WARNING: [Route 35-198] Port "Instruction[25]" does not have an associated HD.PARTPIN_LOCS, which will prevent the partial routing of the signal "Instruction[25]". Without this partial route, timing analysis to/from this port will not be accurate, and no routing information for this port can be exported.
WARNING: [Route 35-198] Port "Instruction[24]" does not have an associated HD.PARTPIN_LOCS, which will prevent the partial routing of the signal "Instruction[24]". Without this partial route, timing analysis to/from this port will not be accurate, and no routing information for this port can be exported.
WARNING: [Route 35-198] Port "RegWriteData[17]" does not have an associated HD.PARTPIN_LOCS, which will prevent the partial routing of the signal "RegWriteData[17]". Without this partial route, timing analysis to/from this port will not be accurate, and no routing information for this port can be exported.
WARNING: [Route 35-198] Port "RegWriteData[4]" does not have an associated HD.PARTPIN_LOCS, which will prevent the partial routing of the signal "RegWriteData[4]". Without this partial route, timing analysis to/from this port will not be accurate, and no routing information for this port can be exported.
WARNING: [Route 35-198] Port "RegWriteData[7]" does not have an associated HD.PARTPIN_LOCS, which will prevent the partial routing of the signal "RegWriteData[7]". Without this partial route, timing analysis to/from this port will not be accurate, and no routing information for this port can be exported.
WARNING: [Route 35-198] Port "RegWriteData[19]" does not have an associated HD.PARTPIN_LOCS, which will prevent the partial routing of the signal "RegWriteData[19]". Without this partial route, timing analysis to/from this port will not be accurate, and no routing information for this port can be exported.
WARNING: [Route 35-198] Port "RegWriteAddr[2]" does not have an associated HD.PARTPIN_LOCS, which will prevent the partial routing of the signal "RegWriteAddr[2]". Without this partial route, timing analysis to/from this port will not be accurate, and no routing information for this port can be exported.
WARNING: [Route 35-198] Port "RegWriteAddr[0]" does not have an associated HD.PARTPIN_LOCS, which will prevent the partial routing of the signal "RegWriteAddr[0]". Without this partial route, timing analysis to/from this port will not be accurate, and no routing information for this port can be exported.
WARNING: [Route 35-198] Port "RegWriteAddr[1]" does not have an associated HD.PARTPIN_LOCS, which will prevent the partial routing of the signal "RegWriteAddr[1]". Without this partial route, timing analysis to/from this port will not be accurate, and no routing information for this port can be exported.
WARNING: [Route 35-198] Port "RegWriteAddr[4]" does not have an associated HD.PARTPIN_LOCS, which will prevent the partial routing of the signal "RegWriteAddr[4]". Without this partial route, timing analysis to/from this port will not be accurate, and no routing information for this port can be exported.
WARNING: [Route 35-198] Port "RegWriteAddr[3]" does not have an associated HD.PARTPIN_LOCS, which will prevent the partial routing of the signal "RegWriteAddr[3]". Without this partial route, timing analysis to/from this port will not be accurate, and no routing information for this port can be exported.
WARNING: [Route 35-198] Port "RegWriteEn" does not have an associated HD.PARTPIN_LOCS, which will prevent the partial routing of the signal "RegWriteEn". Without this partial route, timing analysis to/from this port will not be accurate, and no routing information for this port can be exported.
WARNING: [Route 35-198] Port "RegWriteData[12]" does not have an associated HD.PARTPIN_LOCS, which will prevent the partial routing of the signal "RegWriteData[12]". Without this partial route, timing analysis to/from this port will not be accurate, and no routing information for this port can be exported.
WARNING: [Route 35-198] Port "RegWriteData[15]" does not have an associated HD.PARTPIN_LOCS, which will prevent the partial routing of the signal "RegWriteData[15]". Without this partial route, timing analysis to/from this port will not be accurate, and no routing information for this port can be exported.
WARNING: [Route 35-198] Port "RegWriteData[8]" does not have an associated HD.PARTPIN_LOCS, which will prevent the partial routing of the signal "RegWriteData[8]". Without this partial route, timing analysis to/from this port will not be accurate, and no routing information for this port can be exported.
WARNING: [Route 35-198] Port "RegWriteData[9]" does not have an associated HD.PARTPIN_LOCS, which will prevent the partial routing of the signal "RegWriteData[9]". Without this partial route, timing analysis to/from this port will not be accurate, and no routing information for this port can be exported.
WARNING: [Route 35-198] Port "RegWriteData[2]" does not have an associated HD.PARTPIN_LOCS, which will prevent the partial routing of the signal "RegWriteData[2]". Without this partial route, timing analysis to/from this port will not be accurate, and no routing information for this port can be exported.
WARNING: [Route 35-198] Port "RegWriteData[10]" does not have an associated HD.PARTPIN_LOCS, which will prevent the partial routing of the signal "RegWriteData[10]". Without this partial route, timing analysis to/from this port will not be accurate, and no routing information for this port can be exported.
WARNING: [Route 35-198] Port "RegWriteData[23]" does not have an associated HD.PARTPIN_LOCS, which will prevent the partial routing of the signal "RegWriteData[23]". Without this partial route, timing analysis to/from this port will not be accurate, and no routing information for this port can be exported.
WARNING: [Route 35-198] Port "RegWriteData[24]" does not have an associated HD.PARTPIN_LOCS, which will prevent the partial routing of the signal "RegWriteData[24]". Without this partial route, timing analysis to/from this port will not be accurate, and no routing information for this port can be exported.
WARNING: [Route 35-198] Port "Instruction[20]" does not have an associated HD.PARTPIN_LOCS, which will prevent the partial routing of the signal "Instruction[20]". Without this partial route, timing analysis to/from this port will not be accurate, and no routing information for this port can be exported.
WARNING: [Route 35-198] Port "Instruction[19]" does not have an associated HD.PARTPIN_LOCS, which will prevent the partial routing of the signal "Instruction[19]". Without this partial route, timing analysis to/from this port will not be accurate, and no routing information for this port can be exported.
WARNING: [Route 35-198] Port "RegWriteData[21]" does not have an associated HD.PARTPIN_LOCS, which will prevent the partial routing of the signal "RegWriteData[21]". Without this partial route, timing analysis to/from this port will not be accurate, and no routing information for this port can be exported.
WARNING: [Route 35-198] Port "RegWriteData[20]" does not have an associated HD.PARTPIN_LOCS, which will prevent the partial routing of the signal "RegWriteData[20]". Without this partial route, timing analysis to/from this port will not be accurate, and no routing information for this port can be exported.
WARNING: [Route 35-198] Port "RegWriteData[25]" does not have an associated HD.PARTPIN_LOCS, which will prevent the partial routing of the signal "RegWriteData[25]". Without this partial route, timing analysis to/from this port will not be accurate, and no routing information for this port can be exported.
WARNING: [Route 35-198] Port "RegWriteData[26]" does not have an associated HD.PARTPIN_LOCS, which will prevent the partial routing of the signal "RegWriteData[26]". Without this partial route, timing analysis to/from this port will not be accurate, and no routing information for this port can be exported.
WARNING: [Route 35-198] Port "RegWriteData[1]" does not have an associated HD.PARTPIN_LOCS, which will prevent the partial routing of the signal "RegWriteData[1]". Without this partial route, timing analysis to/from this port will not be accurate, and no routing information for this port can be exported.
WARNING: [Route 35-198] Port "RegWriteData[27]" does not have an associated HD.PARTPIN_LOCS, which will prevent the partial routing of the signal "RegWriteData[27]". Without this partial route, timing analysis to/from this port will not be accurate, and no routing information for this port can be exported.
WARNING: [Route 35-198] Port "RegWriteData[6]" does not have an associated HD.PARTPIN_LOCS, which will prevent the partial routing of the signal "RegWriteData[6]". Without this partial route, timing analysis to/from this port will not be accurate, and no routing information for this port can be exported.
WARNING: [Route 35-198] Port "RegWriteData[22]" does not have an associated HD.PARTPIN_LOCS, which will prevent the partial routing of the signal "RegWriteData[22]". Without this partial route, timing analysis to/from this port will not be accurate, and no routing information for this port can be exported.
WARNING: [Route 35-198] Port "RegWriteData[31]" does not have an associated HD.PARTPIN_LOCS, which will prevent the partial routing of the signal "RegWriteData[31]". Without this partial route, timing analysis to/from this port will not be accurate, and no routing information for this port can be exported.
WARNING: [Route 35-198] Port "RegWriteData[0]" does not have an associated HD.PARTPIN_LOCS, which will prevent the partial routing of the signal "RegWriteData[0]". Without this partial route, timing analysis to/from this port will not be accurate, and no routing information for this port can be exported.
WARNING: [Route 35-198] Port "RegWriteData[28]" does not have an associated HD.PARTPIN_LOCS, which will prevent the partial routing of the signal "RegWriteData[28]". Without this partial route, timing analysis to/from this port will not be accurate, and no routing information for this port can be exported.
WARNING: [Route 35-198] Port "RegWriteData[3]" does not have an associated HD.PARTPIN_LOCS, which will prevent the partial routing of the signal "RegWriteData[3]". Without this partial route, timing analysis to/from this port will not be accurate, and no routing information for this port can be exported.
WARNING: [Route 35-198] Port "RegWriteData[29]" does not have an associated HD.PARTPIN_LOCS, which will prevent the partial routing of the signal "RegWriteData[29]". Without this partial route, timing analysis to/from this port will not be accurate, and no routing information for this port can be exported.
WARNING: [Route 35-198] Port "Instruction[28]" does not have an associated HD.PARTPIN_LOCS, which will prevent the partial routing of the signal "Instruction[28]". Without this partial route, timing analysis to/from this port will not be accurate, and no routing information for this port can be exported.
WARNING: [Route 35-198] Port "Instruction[30]" does not have an associated HD.PARTPIN_LOCS, which will prevent the partial routing of the signal "Instruction[30]". Without this partial route, timing analysis to/from this port will not be accurate, and no routing information for this port can be exported.
WARNING: [Route 35-198] Port "Instruction[27]" does not have an associated HD.PARTPIN_LOCS, which will prevent the partial routing of the signal "Instruction[27]". Without this partial route, timing analysis to/from this port will not be accurate, and no routing information for this port can be exported.
WARNING: [Route 35-198] Port "Instruction[26]" does not have an associated HD.PARTPIN_LOCS, which will prevent the partial routing of the signal "Instruction[26]". Without this partial route, timing analysis to/from this port will not be accurate, and no routing information for this port can be exported.
WARNING: [Route 35-198] Port "Instruction[31]" does not have an associated HD.PARTPIN_LOCS, which will prevent the partial routing of the signal "Instruction[31]". Without this partial route, timing analysis to/from this port will not be accurate, and no routing information for this port can be exported.
WARNING: [Route 35-198] Port "Instruction[29]" does not have an associated HD.PARTPIN_LOCS, which will prevent the partial routing of the signal "Instruction[29]". Without this partial route, timing analysis to/from this port will not be accurate, and no routing information for this port can be exported.
WARNING: [Route 35-198] Port "Instruction[2]" does not have an associated HD.PARTPIN_LOCS, which will prevent the partial routing of the signal "Instruction[2]". Without this partial route, timing analysis to/from this port will not be accurate, and no routing information for this port can be exported.
WARNING: [Route 35-198] Port "Instruction[4]" does not have an associated HD.PARTPIN_LOCS, which will prevent the partial routing of the signal "Instruction[4]". Without this partial route, timing analysis to/from this port will not be accurate, and no routing information for this port can be exported.
WARNING: [Route 35-198] Port "Instruction[3]" does not have an associated HD.PARTPIN_LOCS, which will prevent the partial routing of the signal "Instruction[3]". Without this partial route, timing analysis to/from this port will not be accurate, and no routing information for this port can be exported.
WARNING: [Route 35-198] Port "Instruction[5]" does not have an associated HD.PARTPIN_LOCS, which will prevent the partial routing of the signal "Instruction[5]". Without this partial route, timing analysis to/from this port will not be accurate, and no routing information for this port can be exported.
WARNING: [Route 35-198] Port "Instruction[1]" does not have an associated HD.PARTPIN_LOCS, which will prevent the partial routing of the signal "Instruction[1]". Without this partial route, timing analysis to/from this port will not be accurate, and no routing information for this port can be exported.
WARNING: [Route 35-198] Port "Instruction[0]" does not have an associated HD.PARTPIN_LOCS, which will prevent the partial routing of the signal "Instruction[0]". Without this partial route, timing analysis to/from this port will not be accurate, and no routing information for this port can be exported.
Phase 1 Build RT Design | Checksum: 1469d64e7

Time (s): cpu = 00:00:26 ; elapsed = 00:00:24 . Memory (MB): peak = 1472.965 ; gain = 85.363
Post Restoration Checksum: NetGraph: b14cbac7 NumContArr: 9550aa20 Constraints: 0 Timing: 0

Phase 2 Router Initialization
INFO: [Route 35-64] No timing constraints were detected. The router will operate in resource-optimization mode.

Phase 2.1 Fix Topology Constraints
Phase 2.1 Fix Topology Constraints | Checksum: 1469d64e7

Time (s): cpu = 00:00:26 ; elapsed = 00:00:24 . Memory (MB): peak = 1479.000 ; gain = 91.398

Phase 2.2 Pre Route Cleanup
Phase 2.2 Pre Route Cleanup | Checksum: 1469d64e7

Time (s): cpu = 00:00:26 ; elapsed = 00:00:24 . Memory (MB): peak = 1479.000 ; gain = 91.398
Phase 2 Router Initialization | Checksum: 1469d64e7

Time (s): cpu = 00:00:26 ; elapsed = 00:00:24 . Memory (MB): peak = 1480.277 ; gain = 92.676

Router Utilization Summary
  Global Vertical Routing Utilization    = 0 %
  Global Horizontal Routing Utilization  = 0 %
  Routable Net Status*
  *Does not include unroutable nets such as driverless and loadless.
  Run report_route_status for detailed report.
  Number of Failed Nets               = 1317
    (Failed Nets is the sum of unrouted and partially routed nets)
  Number of Unrouted Nets             = 1317
  Number of Partially Routed Nets     = 0
  Number of Node Overlaps             = 0


Phase 3 Initial Routing
Phase 3 Initial Routing | Checksum: cae0a4c3

Time (s): cpu = 00:00:26 ; elapsed = 00:00:24 . Memory (MB): peak = 1482.270 ; gain = 94.668

Phase 4 Rip-up And Reroute

Phase 4.1 Global Iteration 0
 Number of Nodes with overlaps = 185
 Number of Nodes with overlaps = 0
Phase 4.1 Global Iteration 0 | Checksum: c2311320

Time (s): cpu = 00:00:26 ; elapsed = 00:00:24 . Memory (MB): peak = 1482.270 ; gain = 94.668
Phase 4 Rip-up And Reroute | Checksum: c2311320

Time (s): cpu = 00:00:26 ; elapsed = 00:00:24 . Memory (MB): peak = 1482.270 ; gain = 94.668

Phase 5 Delay and Skew Optimization
Phase 5 Delay and Skew Optimization | Checksum: c2311320

Time (s): cpu = 00:00:26 ; elapsed = 00:00:24 . Memory (MB): peak = 1482.270 ; gain = 94.668

Phase 6 Post Hold Fix

Phase 6.1 Hold Fix Iter
Phase 6.1 Hold Fix Iter | Checksum: c2311320

Time (s): cpu = 00:00:26 ; elapsed = 00:00:24 . Memory (MB): peak = 1482.270 ; gain = 94.668
Phase 6 Post Hold Fix | Checksum: c2311320

Time (s): cpu = 00:00:26 ; elapsed = 00:00:24 . Memory (MB): peak = 1482.270 ; gain = 94.668

Phase 7 Route finalize

Router Utilization Summary
  Global Vertical Routing Utilization    = 0.239815 %
  Global Horizontal Routing Utilization  = 0.263014 %
  Routable Net Status*
  *Does not include unroutable nets such as driverless and loadless.
  Run report_route_status for detailed report.
  Number of Failed Nets               = 0
    (Failed Nets is the sum of unrouted and partially routed nets)
  Number of Unrouted Nets             = 0
  Number of Partially Routed Nets     = 0
  Number of Node Overlaps             = 0

Congestion Report
North Dir 1x1 Area, Max Cong = 16.2162%, No Congested Regions.
South Dir 1x1 Area, Max Cong = 21.6216%, No Congested Regions.
East Dir 1x1 Area, Max Cong = 23.5294%, No Congested Regions.
West Dir 1x1 Area, Max Cong = 20.5882%, No Congested Regions.

------------------------------
Reporting congestion hotspots
------------------------------
Direction: North
----------------
Congested clusters found at Level 0
Effective congestion level: 0 Aspect Ratio: 1 Sparse Ratio: 0
Direction: South
----------------
Congested clusters found at Level 0
Effective congestion level: 0 Aspect Ratio: 1 Sparse Ratio: 0
Direction: East
----------------
Congested clusters found at Level 0
Effective congestion level: 0 Aspect Ratio: 1 Sparse Ratio: 0
Direction: West
----------------
Congested clusters found at Level 0
Effective congestion level: 0 Aspect Ratio: 1 Sparse Ratio: 0

Phase 7 Route finalize | Checksum: c2311320

Time (s): cpu = 00:00:26 ; elapsed = 00:00:24 . Memory (MB): peak = 1482.270 ; gain = 94.668

Phase 8 Verifying routed nets

 Verification completed successfully
Phase 8 Verifying routed nets | Checksum: c2311320

Time (s): cpu = 00:00:26 ; elapsed = 00:00:24 . Memory (MB): peak = 1484.309 ; gain = 96.707

Phase 9 Depositing Routes
Phase 9 Depositing Routes | Checksum: c2311320

Time (s): cpu = 00:00:27 ; elapsed = 00:00:24 . Memory (MB): peak = 1484.309 ; gain = 96.707
INFO: [Route 35-16] Router Completed Successfully

Time (s): cpu = 00:00:27 ; elapsed = 00:00:24 . Memory (MB): peak = 1484.309 ; gain = 96.707

Routing Is Done.
INFO: [Common 17-83] Releasing license: Implementation
52 Infos, 64 Warnings, 0 Critical Warnings and 0 Errors encountered.
route_design completed successfully
route_design: Time (s): cpu = 00:00:29 ; elapsed = 00:00:25 . Memory (MB): peak = 1484.309 ; gain = 100.957
Netlist sorting complete. Time (s): cpu = 00:00:00 ; elapsed = 00:00:00.001 . Memory (MB): peak = 1484.309 ; gain = 0.000
WARNING: [Constraints 18-5210] No constraints selected for write.
Resolution: This message can indicate that there are no constraints for the design, or it can indicate that the used_in flags are set such that the constraints are ignored. This later case is used when running synth_design to not write synthesis constraints to the resulting checkpoint. Instead, project constraints are read when the synthesized design is opened.
Writing placer database...
Writing XDEF routing.
Writing XDEF routing logical nets.
Writing XDEF routing special nets.
Write XDEF Complete: Time (s): cpu = 00:00:00 ; elapsed = 00:00:00.276 . Memory (MB): peak = 1494.145 ; gain = 9.836
INFO: [Common 17-1381] The checkpoint 'C:/Users/Dhruv/Desktop/DSD II/Lab_3/Instruction_Decode/Instruction_Decode.runs/impl_1/instruction_decoder_routed.dcp' has been generated.
INFO: [runtcl-4] Executing : report_drc -file instruction_decoder_drc_routed.rpt -pb instruction_decoder_drc_routed.pb -rpx instruction_decoder_drc_routed.rpx
Command: report_drc -file instruction_decoder_drc_routed.rpt -pb instruction_decoder_drc_routed.pb -rpx instruction_decoder_drc_routed.rpx
INFO: [IP_Flow 19-1839] IP Catalog is up to date.
INFO: [DRC 23-27] Running DRC with 2 threads
INFO: [Coretcl 2-168] The results of DRC are in file C:/Users/Dhruv/Desktop/DSD II/Lab_3/Instruction_Decode/Instruction_Decode.runs/impl_1/instruction_decoder_drc_routed.rpt.
report_drc completed successfully
INFO: [runtcl-4] Executing : report_methodology -file instruction_decoder_methodology_drc_routed.rpt -pb instruction_decoder_methodology_drc_routed.pb -rpx instruction_decoder_methodology_drc_routed.rpx
Command: report_methodology -file instruction_decoder_methodology_drc_routed.rpt -pb instruction_decoder_methodology_drc_routed.pb -rpx instruction_decoder_methodology_drc_routed.rpx
INFO: [Timing 38-35] Done setting XDC timing constraints.
WARNING: [Timing 38-493] Port clk has one or several leaf clock pins in its transitive fanout without any clock buffer on the path and no clock reaching the clock pin(s). Vivado cannot infer the clock source when no clock buffer is found on the path to a leaf clock pin.
WARNING: [Timing 38-242] The property HD.CLK_SRC of clock port "clk" is not set. In out-of-context mode, this prevents timing estimation for clock delay/skew
Resolution: Set the HD.CLK_SRC property of the out-of-context port to the location of the clock buffer instance in the top-level design
INFO: [DRC 23-133] Running Methodology with 2 threads
INFO: [Coretcl 2-1520] The results of Report Methodology are in file C:/Users/Dhruv/Desktop/DSD II/Lab_3/Instruction_Decode/Instruction_Decode.runs/impl_1/instruction_decoder_methodology_drc_routed.rpt.
report_methodology completed successfully
INFO: [runtcl-4] Executing : report_power -file instruction_decoder_power_routed.rpt -pb instruction_decoder_power_summary_routed.pb -rpx instruction_decoder_power_routed.rpx
Command: report_power -file instruction_decoder_power_routed.rpt -pb instruction_decoder_power_summary_routed.pb -rpx instruction_decoder_power_routed.rpx
INFO: [Timing 38-35] Done setting XDC timing constraints.
WARNING: [Power 33-232] No user defined clocks were found in the design! Power estimation will be inaccurate until this is corrected.
Resolution: Please specify clocks using create_clock/create_generated_clock for sequential elements. For pure combinatorial circuits, please specify a virtual clock, otherwise the vectorless estimation might be inaccurate
Running Vector-less Activity Propagation...

Finished Running Vector-less Activity Propagation
63 Infos, 68 Warnings, 0 Critical Warnings and 0 Errors encountered.
report_power completed successfully
INFO: [runtcl-4] Executing : report_route_status -file instruction_decoder_route_status.rpt -pb instruction_decoder_route_status.pb
INFO: [runtcl-4] Executing : report_timing_summary -max_paths 10 -file instruction_decoder_timing_summary_routed.rpt -pb instruction_decoder_timing_summary_routed.pb -rpx instruction_decoder_timing_summary_routed.rpx -warn_on_violation 
INFO: [Timing 38-91] UpdateTimingParams: Speed grade: -1, Delay Type: min_max.
INFO: [Timing 38-191] Multithreading enabled for timing update using a maximum of 2 CPUs
WARNING: [Timing 38-313] There are no user specified timing constraints. Timing constraints are needed for proper timing analysis.
INFO: [runtcl-4] Executing : report_incremental_reuse -file instruction_decoder_incremental_reuse_routed.rpt
INFO: [Vivado_Tcl 4-1062] Incremental flow is disabled. No incremental reuse Info to report.
INFO: [runtcl-4] Executing : report_clock_utilization -file instruction_decoder_clock_utilization_routed.rpt
INFO: [runtcl-4] Executing : report_bus_skew -warn_on_violation -file instruction_decoder_bus_skew_routed.rpt -pb instruction_decoder_bus_skew_routed.pb -rpx instruction_decoder_bus_skew_routed.rpx
INFO: [Timing 38-91] UpdateTimingParams: Speed grade: -1, Delay Type: min_max.
INFO: [Timing 38-191] Multithreading enabled for timing update using a maximum of 2 CPUs
INFO: [Common 17-206] Exiting Vivado at Fri Sep 25 17:55:59 2020...
