Vivado Simulator 2019.1
Copyright 1986-1999, 2001-2019 Xilinx, Inc. All Rights Reserved.
Running: C:/Xilinx/Vivado/2019.1/bin/unwrapped/win64.o/xelab.exe -wto a327768dd6074958a524f53a64e63a47 --incr --debug typical --relax --mt 2 -L xil_defaultlib -L secureip --snapshot InstructionDecodeTB_behav xil_defaultlib.InstructionDecodeTB -log elaborate.log 
Using 2 slave threads.
Starting static elaboration
Completed static elaboration
Starting simulation data flow analysis
Completed simulation data flow analysis
Time Resolution for simulation is 1ps
Compiling package std.standard
Compiling package std.textio
Compiling package ieee.std_logic_1164
Compiling package ieee.numeric_std
Compiling architecture behavioral of entity xil_defaultlib.two_and [two_and_default]
Compiling architecture behavioral of entity xil_defaultlib.register_module [\register_module(bit_depth=32)\]
Compiling architecture behavioral of entity xil_defaultlib.generic_decoder [\generic_decoder(log_port_depth=...]
Compiling architecture behavioral of entity xil_defaultlib.generic_mux [\generic_mux(bit_depth=32,log_po...]
Compiling architecture behavioral of entity xil_defaultlib.register_file [\register_file(bit_depth=32,log_...]
Compiling architecture behavioral of entity xil_defaultlib.control_unit [control_unit_default]
Compiling architecture behavioral of entity xil_defaultlib.instruction_decoder [instruction_decoder_default]
Compiling architecture testbench of entity xil_defaultlib.instructiondecodetb
Built simulation snapshot InstructionDecodeTB_behav
