INFO: [VRFC 10-2263] Analyzing Verilog file "C:/Users/Dhruv/Desktop/DSD II/Lab_3/Instruction_Decode/Instruction_Decode.sim/sim_1/impl/timing/xsim/InstructionDecodeTB_time_impl.v" into library xil_defaultlib
INFO: [VRFC 10-311] analyzing module instruction_decoder
INFO: [VRFC 10-311] analyzing module register_file
INFO: [VRFC 10-311] analyzing module register_module
INFO: [VRFC 10-311] analyzing module register_module_0
INFO: [VRFC 10-311] analyzing module register_module_1
INFO: [VRFC 10-311] analyzing module register_module_10
INFO: [VRFC 10-311] analyzing module register_module_11
INFO: [VRFC 10-311] analyzing module register_module_12
INFO: [VRFC 10-311] analyzing module register_module_13
INFO: [VRFC 10-311] analyzing module register_module_14
INFO: [VRFC 10-311] analyzing module register_module_15
INFO: [VRFC 10-311] analyzing module register_module_16
INFO: [VRFC 10-311] analyzing module register_module_17
INFO: [VRFC 10-311] analyzing module register_module_18
INFO: [VRFC 10-311] analyzing module register_module_19
INFO: [VRFC 10-311] analyzing module register_module_2
INFO: [VRFC 10-311] analyzing module register_module_20
INFO: [VRFC 10-311] analyzing module register_module_21
INFO: [VRFC 10-311] analyzing module register_module_22
INFO: [VRFC 10-311] analyzing module register_module_23
INFO: [VRFC 10-311] analyzing module register_module_24
INFO: [VRFC 10-311] analyzing module register_module_25
INFO: [VRFC 10-311] analyzing module register_module_26
INFO: [VRFC 10-311] analyzing module register_module_27
INFO: [VRFC 10-311] analyzing module register_module_28
INFO: [VRFC 10-311] analyzing module register_module_29
INFO: [VRFC 10-311] analyzing module register_module_3
INFO: [VRFC 10-311] analyzing module register_module_30
INFO: [VRFC 10-311] analyzing module register_module_4
INFO: [VRFC 10-311] analyzing module register_module_5
INFO: [VRFC 10-311] analyzing module register_module_6
INFO: [VRFC 10-311] analyzing module register_module_7
INFO: [VRFC 10-311] analyzing module register_module_8
INFO: [VRFC 10-311] analyzing module register_module_9
INFO: [VRFC 10-311] analyzing module glbl
