Vivado Simulator 2019.1
Copyright 1986-1999, 2001-2019 Xilinx, Inc. All Rights Reserved.
Running: C:/Xilinx/Vivado/2019.1/bin/unwrapped/win64.o/xelab.exe -wto cd69bd9a4732408a8f989dcd56e125cd --incr --debug typical --relax --mt 2 -L xil_defaultlib -L secureip --snapshot Multiplier_behav xil_defaultlib.Multiplier -log elaborate.log 
Using 2 slave threads.
Starting static elaboration
WARNING: [VRFC 10-4940] 'fulladder' remains a black box since it has no binding entity [C:/Users/Dhruv/Desktop/DSD II/Lab_4/Multiplier/Multiplier.vhd:55]
WARNING: [VRFC 10-4940] 'fulladder' remains a black box since it has no binding entity [C:/Users/Dhruv/Desktop/DSD II/Lab_4/Multiplier/Multiplier.vhd:64]
WARNING: [VRFC 10-4940] 'fulladder' remains a black box since it has no binding entity [C:/Users/Dhruv/Desktop/DSD II/Lab_4/Multiplier/Multiplier.vhd:73]
WARNING: [VRFC 10-4940] 'fulladder' remains a black box since it has no binding entity [C:/Users/Dhruv/Desktop/DSD II/Lab_4/Multiplier/Multiplier.vhd:82]
WARNING: [VRFC 10-4940] 'fulladder' remains a black box since it has no binding entity [C:/Users/Dhruv/Desktop/DSD II/Lab_4/Multiplier/Multiplier.vhd:91]
WARNING: [VRFC 10-4940] 'fulladder' remains a black box since it has no binding entity [C:/Users/Dhruv/Desktop/DSD II/Lab_4/Multiplier/Multiplier.vhd:100]
WARNING: [VRFC 10-4940] 'fulladder' remains a black box since it has no binding entity [C:/Users/Dhruv/Desktop/DSD II/Lab_4/Multiplier/Multiplier.vhd:109]
WARNING: [VRFC 10-4940] 'fulladder' remains a black box since it has no binding entity [C:/Users/Dhruv/Desktop/DSD II/Lab_4/Multiplier/Multiplier.vhd:118]
WARNING: [VRFC 10-4940] 'fulladder' remains a black box since it has no binding entity [C:/Users/Dhruv/Desktop/DSD II/Lab_4/Multiplier/Multiplier.vhd:127]
Completed static elaboration
Starting simulation data flow analysis
Completed simulation data flow analysis
Time Resolution for simulation is 1ps
Compiling package std.standard
Compiling package std.textio
Compiling package ieee.std_logic_1164
Compiling package ieee.numeric_std
Compiling architecture behavioral of entity xil_defaultlib.multiplier
Built simulation snapshot Multiplier_behav
