Copyright 1986-2019 Xilinx, Inc. All Rights Reserved.
----------------------------------------------------------------------------------------------------------------------------------------------------------
| Tool Version     : Vivado v.2019.1 (win64) Build 2552052 Fri May 24 14:49:42 MDT 2019
| Date             : Tue Oct 27 13:08:24 2020
| Host             : Macbook_Win running 64-bit major release  (build 9200)
| Command          : report_power -file Memory_Stage_power_routed.rpt -pb Memory_Stage_power_summary_routed.pb -rpx Memory_Stage_power_routed.rpx
| Design           : Memory_Stage
| Device           : xc7a35tcpg236-1
| Design State     : routed
| Grade            : commercial
| Process          : typical
| Characterization : Production
----------------------------------------------------------------------------------------------------------------------------------------------------------

Power Report

Table of Contents
-----------------
1. Summary
1.1 On-Chip Components
1.2 Power Supply Summary
1.3 Confidence Level
2. Settings
2.1 Environment
2.2 Clock Constraints
3. Detailed Reports
3.1 By Hierarchy

1. Summary
----------

+--------------------------+--------------+
| Total On-Chip Power (W)  | 2.127        |
| Design Power Budget (W)  | Unspecified* |
| Power Budget Margin (W)  | NA           |
| Dynamic (W)              | 2.053        |
| Device Static (W)        | 0.074        |
| Effective TJA (C/W)      | 5.0          |
| Max Ambient (C)          | 74.4         |
| Junction Temperature (C) | 35.6         |
| Confidence Level         | Low          |
| Setting File             | ---          |
| Simulation Activity File | ---          |
| Design Nets Matched      | NA           |
+--------------------------+--------------+
* Specify Design Power Budget using, set_operating_conditions -design_power_budget <value in Watts>


1.1 On-Chip Components
----------------------

+--------------------------+-----------+----------+-----------+-----------------+
| On-Chip                  | Power (W) | Used     | Available | Utilization (%) |
+--------------------------+-----------+----------+-----------+-----------------+
| Slice Logic              |     1.563 |     1027 |       --- |             --- |
|   LUT as Distributed RAM |     0.955 |      512 |      9600 |            5.33 |
|   LUT as Logic           |     0.415 |       74 |     20800 |            0.36 |
|   F7/F8 Muxes            |     0.175 |      384 |     32600 |            1.18 |
|   CARRY4                 |     0.010 |        5 |      8150 |            0.06 |
|   Register               |     0.007 |       36 |     41600 |            0.09 |
|   Others                 |     0.000 |        3 |       --- |             --- |
| Signals                  |     0.490 |      211 |       --- |             --- |
| Static Power             |     0.074 |          |           |                 |
| Total                    |     2.127 |          |           |                 |
+--------------------------+-----------+----------+-----------+-----------------+


1.2 Power Supply Summary
------------------------

+-----------+-------------+-----------+-------------+------------+
| Source    | Voltage (V) | Total (A) | Dynamic (A) | Static (A) |
+-----------+-------------+-----------+-------------+------------+
| Vccint    |       1.000 |     2.067 |       2.053 |      0.014 |
| Vccaux    |       1.800 |     0.013 |       0.000 |      0.013 |
| Vcco33    |       3.300 |     0.000 |       0.000 |      0.000 |
| Vcco25    |       2.500 |     0.000 |       0.000 |      0.000 |
| Vcco18    |       1.800 |     0.000 |       0.000 |      0.000 |
| Vcco15    |       1.500 |     0.000 |       0.000 |      0.000 |
| Vcco135   |       1.350 |     0.000 |       0.000 |      0.000 |
| Vcco12    |       1.200 |     0.000 |       0.000 |      0.000 |
| Vccaux_io |       1.800 |     0.000 |       0.000 |      0.000 |
| Vccbram   |       1.000 |     0.000 |       0.000 |      0.000 |
| MGTAVcc   |       1.000 |     0.000 |       0.000 |      0.000 |
| MGTAVtt   |       1.200 |     0.000 |       0.000 |      0.000 |
| Vccadc    |       1.800 |     0.020 |       0.000 |      0.020 |
+-----------+-------------+-----------+-------------+------------+


1.3 Confidence Level
--------------------

+-----------------------------+------------+------------------------------------------------+--------------------------------------------------------------------------------------------------------------------+
| User Input Data             | Confidence | Details                                        | Action                                                                                                             |
+-----------------------------+------------+------------------------------------------------+--------------------------------------------------------------------------------------------------------------------+
| Design implementation state | High       | Design is routed                               |                                                                                                                    |
| Clock nodes activity        | Low        | User specified less than 75% of clocks         | Provide missing clock activity with a constraint file, simulation results or by editing the "By Clock Domain" view |
| I/O nodes activity          | High       | User specified more than 95% of inputs         |                                                                                                                    |
| Internal nodes activity     | Medium     | User specified less than 25% of internal nodes | Provide missing internal nodes activity with simulation results or by editing the "By Resource Type" views         |
| Device models               | High       | Device models are Production                   |                                                                                                                    |
|                             |            |                                                |                                                                                                                    |
| Overall confidence level    | Low        |                                                |                                                                                                                    |
+-----------------------------+------------+------------------------------------------------+--------------------------------------------------------------------------------------------------------------------+


2. Settings
-----------

2.1 Environment
---------------

+-----------------------+--------------------------+
| Ambient Temp (C)      | 25.0                     |
| ThetaJA (C/W)         | 5.0                      |
| Airflow (LFM)         | 250                      |
| Heat Sink             | medium (Medium Profile)  |
| ThetaSA (C/W)         | 4.6                      |
| Board Selection       | medium (10"x10")         |
| # of Board Layers     | 12to15 (12 to 15 Layers) |
| Board Temperature (C) | 25.0                     |
+-----------------------+--------------------------+


2.2 Clock Constraints
---------------------

+-------+--------+-----------------+
| Clock | Domain | Constraint (ns) |
+-------+--------+-----------------+


3. Detailed Reports
-------------------

3.1 By Hierarchy
----------------

+---------------------------------+-----------+
| Name                            | Power (W) |
+---------------------------------+-----------+
| Memory_Stage                    |     2.053 |
|   mem                           |     1.997 |
|     mips_mem_reg_0_255_0_0      |     0.011 |
|     mips_mem_reg_0_255_10_10    |     0.011 |
|     mips_mem_reg_0_255_11_11    |     0.011 |
|     mips_mem_reg_0_255_12_12    |     0.011 |
|     mips_mem_reg_0_255_13_13    |     0.011 |
|     mips_mem_reg_0_255_14_14    |     0.010 |
|     mips_mem_reg_0_255_15_15    |     0.012 |
|     mips_mem_reg_0_255_16_16    |     0.011 |
|     mips_mem_reg_0_255_17_17    |     0.011 |
|     mips_mem_reg_0_255_18_18    |     0.011 |
|     mips_mem_reg_0_255_19_19    |     0.011 |
|     mips_mem_reg_0_255_1_1      |     0.012 |
|     mips_mem_reg_0_255_20_20    |     0.012 |
|     mips_mem_reg_0_255_21_21    |     0.012 |
|     mips_mem_reg_0_255_22_22    |     0.011 |
|     mips_mem_reg_0_255_23_23    |     0.011 |
|     mips_mem_reg_0_255_24_24    |     0.012 |
|     mips_mem_reg_0_255_25_25    |     0.011 |
|     mips_mem_reg_0_255_26_26    |     0.012 |
|     mips_mem_reg_0_255_27_27    |     0.011 |
|     mips_mem_reg_0_255_28_28    |     0.010 |
|     mips_mem_reg_0_255_29_29    |     0.011 |
|     mips_mem_reg_0_255_2_2      |     0.012 |
|     mips_mem_reg_0_255_30_30    |     0.012 |
|     mips_mem_reg_0_255_31_31    |     0.010 |
|     mips_mem_reg_0_255_3_3      |     0.011 |
|     mips_mem_reg_0_255_4_4      |     0.011 |
|     mips_mem_reg_0_255_5_5      |     0.010 |
|     mips_mem_reg_0_255_6_6      |     0.011 |
|     mips_mem_reg_0_255_7_7      |     0.011 |
|     mips_mem_reg_0_255_8_8      |     0.012 |
|     mips_mem_reg_0_255_9_9      |     0.011 |
|     mips_mem_reg_256_511_0_0    |     0.011 |
|     mips_mem_reg_256_511_10_10  |     0.011 |
|     mips_mem_reg_256_511_11_11  |     0.011 |
|     mips_mem_reg_256_511_12_12  |     0.011 |
|     mips_mem_reg_256_511_13_13  |     0.010 |
|     mips_mem_reg_256_511_14_14  |     0.012 |
|     mips_mem_reg_256_511_15_15  |     0.012 |
|     mips_mem_reg_256_511_16_16  |     0.013 |
|     mips_mem_reg_256_511_17_17  |     0.011 |
|     mips_mem_reg_256_511_18_18  |     0.013 |
|     mips_mem_reg_256_511_19_19  |     0.013 |
|     mips_mem_reg_256_511_1_1    |     0.011 |
|     mips_mem_reg_256_511_20_20  |     0.012 |
|     mips_mem_reg_256_511_21_21  |     0.011 |
|     mips_mem_reg_256_511_22_22  |     0.012 |
|     mips_mem_reg_256_511_23_23  |     0.011 |
|     mips_mem_reg_256_511_24_24  |     0.012 |
|     mips_mem_reg_256_511_25_25  |     0.010 |
|     mips_mem_reg_256_511_26_26  |     0.011 |
|     mips_mem_reg_256_511_27_27  |     0.013 |
|     mips_mem_reg_256_511_28_28  |     0.012 |
|     mips_mem_reg_256_511_29_29  |     0.010 |
|     mips_mem_reg_256_511_2_2    |     0.012 |
|     mips_mem_reg_256_511_30_30  |     0.011 |
|     mips_mem_reg_256_511_31_31  |     0.011 |
|     mips_mem_reg_256_511_3_3    |     0.010 |
|     mips_mem_reg_256_511_4_4    |     0.011 |
|     mips_mem_reg_256_511_5_5    |     0.011 |
|     mips_mem_reg_256_511_6_6    |     0.011 |
|     mips_mem_reg_256_511_7_7    |     0.012 |
|     mips_mem_reg_256_511_8_8    |     0.011 |
|     mips_mem_reg_256_511_9_9    |     0.011 |
|     mips_mem_reg_512_767_0_0    |     0.011 |
|     mips_mem_reg_512_767_10_10  |     0.011 |
|     mips_mem_reg_512_767_11_11  |     0.010 |
|     mips_mem_reg_512_767_12_12  |     0.011 |
|     mips_mem_reg_512_767_13_13  |     0.011 |
|     mips_mem_reg_512_767_14_14  |     0.011 |
|     mips_mem_reg_512_767_15_15  |     0.011 |
|     mips_mem_reg_512_767_16_16  |     0.011 |
|     mips_mem_reg_512_767_17_17  |     0.012 |
|     mips_mem_reg_512_767_18_18  |     0.010 |
|     mips_mem_reg_512_767_19_19  |     0.015 |
|     mips_mem_reg_512_767_1_1    |     0.010 |
|     mips_mem_reg_512_767_20_20  |     0.011 |
|     mips_mem_reg_512_767_21_21  |     0.011 |
|     mips_mem_reg_512_767_22_22  |     0.010 |
|     mips_mem_reg_512_767_23_23  |     0.012 |
|     mips_mem_reg_512_767_24_24  |     0.010 |
|     mips_mem_reg_512_767_25_25  |     0.011 |
|     mips_mem_reg_512_767_26_26  |     0.010 |
|     mips_mem_reg_512_767_27_27  |     0.010 |
|     mips_mem_reg_512_767_28_28  |     0.013 |
|     mips_mem_reg_512_767_29_29  |     0.011 |
|     mips_mem_reg_512_767_2_2    |     0.010 |
|     mips_mem_reg_512_767_30_30  |     0.010 |
|     mips_mem_reg_512_767_31_31  |     0.012 |
|     mips_mem_reg_512_767_3_3    |     0.011 |
|     mips_mem_reg_512_767_4_4    |     0.011 |
|     mips_mem_reg_512_767_5_5    |     0.011 |
|     mips_mem_reg_512_767_6_6    |     0.011 |
|     mips_mem_reg_512_767_7_7    |     0.011 |
|     mips_mem_reg_512_767_8_8    |     0.011 |
|     mips_mem_reg_512_767_9_9    |     0.011 |
|     mips_mem_reg_768_1023_0_0   |     0.011 |
|     mips_mem_reg_768_1023_10_10 |     0.011 |
|     mips_mem_reg_768_1023_11_11 |     0.011 |
|     mips_mem_reg_768_1023_12_12 |     0.010 |
|     mips_mem_reg_768_1023_13_13 |     0.012 |
|     mips_mem_reg_768_1023_14_14 |     0.012 |
|     mips_mem_reg_768_1023_15_15 |     0.011 |
|     mips_mem_reg_768_1023_16_16 |     0.010 |
|     mips_mem_reg_768_1023_17_17 |     0.011 |
|     mips_mem_reg_768_1023_18_18 |     0.011 |
|     mips_mem_reg_768_1023_19_19 |     0.010 |
|     mips_mem_reg_768_1023_1_1   |     0.011 |
|     mips_mem_reg_768_1023_20_20 |     0.010 |
|     mips_mem_reg_768_1023_21_21 |     0.010 |
|     mips_mem_reg_768_1023_22_22 |     0.011 |
|     mips_mem_reg_768_1023_23_23 |     0.011 |
|     mips_mem_reg_768_1023_24_24 |     0.011 |
|     mips_mem_reg_768_1023_25_25 |     0.011 |
|     mips_mem_reg_768_1023_26_26 |     0.011 |
|     mips_mem_reg_768_1023_27_27 |     0.011 |
|     mips_mem_reg_768_1023_28_28 |     0.011 |
|     mips_mem_reg_768_1023_29_29 |     0.012 |
|     mips_mem_reg_768_1023_2_2   |     0.011 |
|     mips_mem_reg_768_1023_30_30 |     0.013 |
|     mips_mem_reg_768_1023_31_31 |     0.012 |
|     mips_mem_reg_768_1023_3_3   |     0.012 |
|     mips_mem_reg_768_1023_4_4   |     0.011 |
|     mips_mem_reg_768_1023_5_5   |     0.012 |
|     mips_mem_reg_768_1023_6_6   |     0.011 |
|     mips_mem_reg_768_1023_7_7   |     0.010 |
|     mips_mem_reg_768_1023_8_8   |     0.010 |
|     mips_mem_reg_768_1023_9_9   |     0.010 |
|   sevenseg                      |     0.056 |
+---------------------------------+-----------+


