#-----------------------------------------------------------
# Vivado v2019.1 (64-bit)
# SW Build 2552052 on Fri May 24 14:49:42 MDT 2019
# IP Build 2548770 on Fri May 24 18:01:18 MDT 2019
# Start of session at: Fri Sep 25 16:07:23 2020
# Process ID: 9456
# Current directory: C:/Users/Dhruv/Desktop/DSD II/Lab_3/Instruction_Decode
# Command line: vivado.exe -gui_launcher_event rodinguilauncherevent5976 C:\Users\Dhruv\Desktop\DSD II\Lab_3\Instruction_Decode\Instruction_Decode.xpr
# Log file: C:/Users/Dhruv/Desktop/DSD II/Lab_3/Instruction_Decode/vivado.log
# Journal file: C:/Users/Dhruv/Desktop/DSD II/Lab_3/Instruction_Decode\vivado.jou
#-----------------------------------------------------------
start_gui
open_project {C:/Users/Dhruv/Desktop/DSD II/Lab_3/Instruction_Decode/Instruction_Decode.xpr}
Scanning sources...
Finished scanning sources
INFO: [IP_Flow 19-234] Refreshing IP repositories
INFO: [IP_Flow 19-1704] No user IP repositories specified
INFO: [IP_Flow 19-2313] Loaded Vivado IP repository 'C:/Xilinx/Vivado/2019.1/data/ip'.
update_compile_order -fileset sources_1
update_files -from_files {{C:/Users/Dhruv/Desktop/DSD II/Lab_3/Instruction_Decode/Instruction_Decode.srcs/sources_1/new/GenericMultiplexer.vhd}} -to_files {{C:/Users/Dhruv/Desktop/DSD II/Lab_3/Instruction_Decode/Instruction_Decode.srcs/sources_1/new/GenericDecoder.vhd}} -filesets [get_filesets *]
INFO: [filemgmt 20-762] Replacing file 'C:/Users/Dhruv/Desktop/DSD II/Lab_3/Instruction_Decode/Instruction_Decode.srcs/sources_1/new/GenericDecoder.vhd' with file 'C:/Users/Dhruv/Desktop/DSD II/Lab_3/Instruction_Decode/Instruction_Decode.srcs/sources_1/new/GenericMultiplexer.vhd'.
