#-----------------------------------------------------------
# Vivado v2019.1 (64-bit)
# SW Build 2552052 on Fri May 24 14:49:42 MDT 2019
# IP Build 2548770 on Fri May 24 18:01:18 MDT 2019
# Start of session at: Tue Sep 15 14:13:05 2020
# Process ID: 6696
# Current directory: C:/Users/Dhruv/Desktop/DSD II/Lab_2
# Command line: vivado.exe -gui_launcher_event rodinguilauncherevent7748 C:\Users\Dhruv\Desktop\DSD II\Lab_2\Lab_2.xpr
# Log file: C:/Users/Dhruv/Desktop/DSD II/Lab_2/vivado.log
# Journal file: C:/Users/Dhruv/Desktop/DSD II/Lab_2\vivado.jou
#-----------------------------------------------------------
start_gui
open_project {C:/Users/Dhruv/Desktop/DSD II/Lab_2/Lab_2.xpr}
Scanning sources...
Finished scanning sources
INFO: [IP_Flow 19-234] Refreshing IP repositories
INFO: [IP_Flow 19-1704] No user IP repositories specified
INFO: [IP_Flow 19-2313] Loaded Vivado IP repository 'C:/Xilinx/Vivado/2019.1/data/ip'.
open_project: Time (s): cpu = 00:00:19 ; elapsed = 00:00:08 . Memory (MB): peak = 755.840 ; gain = 124.621
update_compile_order -fileset sources_1
launch_simulation
INFO: [Vivado 12-5682] Launching behavioral simulation in 'C:/Users/Dhruv/Desktop/DSD II/Lab_2/Lab_2.sim/sim_1/behav/xsim'
INFO: [SIM-utils-51] Simulation object is 'sim_1'
INFO: [SIM-utils-54] Inspecting design source files for 'RegisterFileTB' in fileset 'sim_1'...
INFO: [USF-XSim-97] Finding global include files...
INFO: [USF-XSim-98] Fetching design files from 'sim_1'...
INFO: [USF-XSim-2] XSim::Compile design
INFO: [USF-XSim-61] Executing 'COMPILE and ANALYZE' step in 'C:/Users/Dhruv/Desktop/DSD II/Lab_2/Lab_2.sim/sim_1/behav/xsim'
"xvhdl --incr --relax -prj RegisterFileTB_vhdl.prj"
INFO: [VRFC 10-163] Analyzing VHDL file "C:/Users/Dhruv/Desktop/DSD II/Lab_2/Lab_2.srcs/sim_1/new/RegisterFileTB.vhd" into library xil_defaultlib
INFO: [VRFC 10-3107] analyzing entity 'RegisterFileTB'
INFO: [USF-XSim-69] 'compile' step finished in '2' seconds
INFO: [USF-XSim-3] XSim::Elaborate design
INFO: [USF-XSim-61] Executing 'ELABORATE' step in 'C:/Users/Dhruv/Desktop/DSD II/Lab_2/Lab_2.sim/sim_1/behav/xsim'
"xelab -wto 82bc7047c6b74fb682e07f2ea87a2de0 --incr --debug typical --relax --mt 2 -L xil_defaultlib -L secureip --snapshot RegisterFileTB_behav xil_defaultlib.RegisterFileTB -log elaborate.log"
Vivado Simulator 2019.1
Copyright 1986-1999, 2001-2019 Xilinx, Inc. All Rights Reserved.
Running: C:/Xilinx/Vivado/2019.1/bin/unwrapped/win64.o/xelab.exe -wto 82bc7047c6b74fb682e07f2ea87a2de0 --incr --debug typical --relax --mt 2 -L xil_defaultlib -L secureip --snapshot RegisterFileTB_behav xil_defaultlib.RegisterFileTB -log elaborate.log 
Using 2 slave threads.
Starting static elaboration
Completed static elaboration
Starting simulation data flow analysis
Completed simulation data flow analysis
Time Resolution for simulation is 1ps
Compiling package std.standard
Compiling package std.textio
Compiling package ieee.std_logic_1164
Compiling package ieee.numeric_std
Compiling architecture behavioral of entity xil_defaultlib.two_and [two_and_default]
Compiling architecture behavioral of entity xil_defaultlib.register_module [register_module_default]
Compiling architecture behavioral of entity xil_defaultlib.generic_decoder [generic_decoder_default]
Compiling architecture behavioral of entity xil_defaultlib.generic_mux [generic_mux_default]
Compiling architecture behavioral of entity xil_defaultlib.register_file [register_file_default]
Compiling architecture tb of entity xil_defaultlib.registerfiletb
Built simulation snapshot RegisterFileTB_behav
INFO: [USF-XSim-69] 'elaborate' step finished in '3' seconds
INFO: [USF-XSim-4] XSim::Simulate design
INFO: [USF-XSim-61] Executing 'SIMULATE' step in 'C:/Users/Dhruv/Desktop/DSD II/Lab_2/Lab_2.sim/sim_1/behav/xsim'
INFO: [USF-XSim-98] *** Running xsim
   with args "RegisterFileTB_behav -key {Behavioral:sim_1:Functional:RegisterFileTB} -tclbatch {RegisterFileTB.tcl} -log {simulate.log}"
INFO: [USF-XSim-8] Loading simulator feature
Vivado Simulator 2019.1
Time resolution is 1 ps
source RegisterFileTB.tcl
# set curr_wave [current_wave_config]
# if { [string length $curr_wave] == 0 } {
#   if { [llength [get_objects]] > 0} {
#     add_wave /
#     set_property needs_save false [current_wave_config]
#   } else {
#      send_msg_id Add_Wave-1 WARNING "No top level signals found. Simulator will start without a wave window. If you want to open a wave window go to 'File->New Waveform Configuration' or type 'create_wave_config' in the TCL console."
#   }
# }
# run 1000ns
Error: Error in Operation
Time: 520 ns  Iteration: 0  Process: /RegisterFileTB/stim_proc  File: C:/Users/Dhruv/Desktop/DSD II/Lab_2/Lab_2.srcs/sim_1/new/RegisterFileTB.vhd
Error: Error in Operation
Time: 660 ns  Iteration: 0  Process: /RegisterFileTB/stim_proc  File: C:/Users/Dhruv/Desktop/DSD II/Lab_2/Lab_2.srcs/sim_1/new/RegisterFileTB.vhd
Error: Error in Operation
Time: 660 ns  Iteration: 0  Process: /RegisterFileTB/stim_proc  File: C:/Users/Dhruv/Desktop/DSD II/Lab_2/Lab_2.srcs/sim_1/new/RegisterFileTB.vhd
Error: Error in Operation
Time: 800 ns  Iteration: 0  Process: /RegisterFileTB/stim_proc  File: C:/Users/Dhruv/Desktop/DSD II/Lab_2/Lab_2.srcs/sim_1/new/RegisterFileTB.vhd
Error: Error in Operation
Time: 800 ns  Iteration: 0  Process: /RegisterFileTB/stim_proc  File: C:/Users/Dhruv/Desktop/DSD II/Lab_2/Lab_2.srcs/sim_1/new/RegisterFileTB.vhd
Error: Error in Operation
Time: 940 ns  Iteration: 0  Process: /RegisterFileTB/stim_proc  File: C:/Users/Dhruv/Desktop/DSD II/Lab_2/Lab_2.srcs/sim_1/new/RegisterFileTB.vhd
INFO: [USF-XSim-96] XSim completed. Design snapshot 'RegisterFileTB_behav' loaded.
INFO: [USF-XSim-97] XSim simulation ran for 1000ns
launch_simulation: Time (s): cpu = 00:00:10 ; elapsed = 00:00:10 . Memory (MB): peak = 876.754 ; gain = 31.129
reset_run impl_1
launch_runs impl_1 -jobs 4
[Tue Sep 15 14:18:52 2020] Launched impl_1...
Run output will be captured here: C:/Users/Dhruv/Desktop/DSD II/Lab_2/Lab_2.runs/impl_1/runme.log
reset_run synth_1
WARNING: [Vivado 12-1017] Problems encountered:
1. Failed to delete one or more files in run directory C:/Users/Dhruv/Desktop/DSD II/Lab_2/Lab_2.runs/synth_1

launch_runs synth_1 -jobs 4
[Tue Sep 15 14:24:36 2020] Launched synth_1...
Run output will be captured here: C:/Users/Dhruv/Desktop/DSD II/Lab_2/Lab_2.runs/synth_1/runme.log
launch_simulation -mode post-synthesis -type timing
INFO: [Vivado 12-5682] Launching post-synthesis timing simulation in 'C:/Users/Dhruv/Desktop/DSD II/Lab_2/Lab_2.sim/sim_1/synth/timing/xsim'
INFO: [SIM-utils-51] Simulation object is 'sim_1'
INFO: [SIM-utils-20] The target language is set to VHDL, it is not supported for simulation type 'timing', using Verilog instead.
Design is defaulting to impl run constrset: constrs_1
Design is defaulting to synth run part: xc7a35tcpg236-1
INFO: [Device 21-403] Loading part xc7a35tcpg236-1
INFO: [Netlist 29-17] Analyzing 16 Unisim elements for replacement
INFO: [Netlist 29-28] Unisim Transformation completed in 0 CPU seconds
INFO: [Project 1-479] Netlist was created with Vivado 2019.1
INFO: [Project 1-570] Preparing netlist for logic optimization
Parsing XDC File [C:/Users/Dhruv/Desktop/DSD II/Lab_2/Lab_2.srcs/constrs_1/new/register_file.xdc]
Finished Parsing XDC File [C:/Users/Dhruv/Desktop/DSD II/Lab_2/Lab_2.srcs/constrs_1/new/register_file.xdc]
INFO: [Opt 31-138] Pushed 0 inverter(s) to 0 load pin(s).
Netlist sorting complete. Time (s): cpu = 00:00:00 ; elapsed = 00:00:00 . Memory (MB): peak = 1709.895 ; gain = 0.000
INFO: [Project 1-111] Unisim Transformation Summary:
No Unisim elements were transformed.

open_run: Time (s): cpu = 00:00:20 ; elapsed = 00:00:12 . Memory (MB): peak = 1709.895 ; gain = 0.000
INFO: [SIM-utils-24] Writing simulation netlist file for design 'synth_1'...
INFO: [SIM-utils-25] write_verilog -mode timesim -nolib -sdf_anno true -force -file "C:/Users/Dhruv/Desktop/DSD II/Lab_2/Lab_2.sim/sim_1/synth/timing/xsim/RegisterFileTB_time_synth.v"
write_verilog: Time (s): cpu = 00:00:08 ; elapsed = 00:00:07 . Memory (MB): peak = 1709.895 ; gain = 0.000
INFO: [SIM-utils-27] Writing SDF file...
INFO: [SIM-utils-28] write_sdf -mode timesim -process_corner slow -force -file "C:/Users/Dhruv/Desktop/DSD II/Lab_2/Lab_2.sim/sim_1/synth/timing/xsim/RegisterFileTB_time_synth.sdf"
INFO: [SIM-utils-36] Netlist generated:C:/Users/Dhruv/Desktop/DSD II/Lab_2/Lab_2.sim/sim_1/synth/timing/xsim/RegisterFileTB_time_synth.v
INFO: [SIM-utils-37] SDF generated:C:/Users/Dhruv/Desktop/DSD II/Lab_2/Lab_2.sim/sim_1/synth/timing/xsim/RegisterFileTB_time_synth.sdf
INFO: [SIM-utils-54] Inspecting design source files for 'RegisterFileTB' in fileset 'sim_1'...
INFO: [USF-XSim-2] XSim::Compile design
INFO: [USF-XSim-61] Executing 'COMPILE and ANALYZE' step in 'C:/Users/Dhruv/Desktop/DSD II/Lab_2/Lab_2.sim/sim_1/synth/timing/xsim'
"xvlog --incr --relax -prj RegisterFileTB_vlog.prj"
INFO: [VRFC 10-2263] Analyzing Verilog file "C:/Users/Dhruv/Desktop/DSD II/Lab_2/Lab_2.sim/sim_1/synth/timing/xsim/RegisterFileTB_time_synth.v" into library xil_defaultlib
INFO: [VRFC 10-311] analyzing module register_file
INFO: [VRFC 10-311] analyzing module register_module
INFO: [VRFC 10-311] analyzing module register_module_0
INFO: [VRFC 10-311] analyzing module register_module_1
INFO: [VRFC 10-311] analyzing module register_module_2
INFO: [VRFC 10-311] analyzing module register_module_3
INFO: [VRFC 10-311] analyzing module register_module_4
INFO: [VRFC 10-311] analyzing module register_module_5
INFO: [VRFC 10-311] analyzing module register_module_6
INFO: [VRFC 10-311] analyzing module glbl
"xvhdl --incr --relax -prj RegisterFileTB_vhdl.prj"
INFO: [VRFC 10-163] Analyzing VHDL file "C:/Users/Dhruv/Desktop/DSD II/Lab_2/Lab_2.srcs/sim_1/new/RegisterFileTB.vhd" into library xil_defaultlib
INFO: [VRFC 10-3107] analyzing entity 'RegisterFileTB'
INFO: [USF-XSim-69] 'compile' step finished in '4' seconds
INFO: [USF-XSim-3] XSim::Elaborate design
INFO: [USF-XSim-61] Executing 'ELABORATE' step in 'C:/Users/Dhruv/Desktop/DSD II/Lab_2/Lab_2.sim/sim_1/synth/timing/xsim'
"xelab -wto 82bc7047c6b74fb682e07f2ea87a2de0 --incr --debug typical --relax --mt 2 --maxdelay -L xil_defaultlib -L simprims_ver -L secureip --snapshot RegisterFileTB_time_synth -transport_int_delays -pulse_r 0 -pulse_int_r 0 -pulse_e 0 -pulse_int_e 0 xil_defaultlib.RegisterFileTB xil_defaultlib.glbl -log elaborate.log"
Vivado Simulator 2019.1
Copyright 1986-1999, 2001-2019 Xilinx, Inc. All Rights Reserved.
Running: C:/Xilinx/Vivado/2019.1/bin/unwrapped/win64.o/xelab.exe -wto 82bc7047c6b74fb682e07f2ea87a2de0 --incr --debug typical --relax --mt 2 --maxdelay -L xil_defaultlib -L simprims_ver -L secureip --snapshot RegisterFileTB_time_synth -transport_int_delays -pulse_r 0 -pulse_int_r 0 -pulse_e 0 -pulse_int_e 0 xil_defaultlib.RegisterFileTB xil_defaultlib.glbl -log elaborate.log 
Using 2 slave threads.
Starting static elaboration
Completed static elaboration
Starting simulation data flow analysis
Completed simulation data flow analysis
INFO: [XSIM 43-3451] SDF backannotation process started with SDF file "RegisterFileTB_time_synth.sdf", for root module "RegisterFileTB/UUT".
INFO: [XSIM 43-3452] SDF backannotation was successful for SDF file "RegisterFileTB_time_synth.sdf", for root module "RegisterFileTB/UUT".
Time Resolution for simulation is 1ps
Compiling package std.standard
Compiling package std.textio
Compiling package ieee.std_logic_1164
Compiling package vl.vl_types
Compiling module xil_defaultlib.glbl
Compiling module simprims_ver.IBUF
Compiling module simprims_ver.OBUF
Compiling module simprims_ver.BUFG
Compiling module simprims_ver.LUT4
Compiling module simprims_ver.x_lut1_mux2
Compiling module simprims_ver.LUT1
Compiling module simprims_ver.FDCE(IS_C_INVERTED=1'b1)
Compiling module xil_defaultlib.register_module
Compiling module xil_defaultlib.register_module_0
Compiling module xil_defaultlib.register_module_1
Compiling module simprims_ver.MUXF7
Compiling module simprims_ver.LUT6
Compiling module xil_defaultlib.register_module_2
Compiling module xil_defaultlib.register_module_3
Compiling module xil_defaultlib.register_module_4
Compiling module xil_defaultlib.register_module_5
Compiling module xil_defaultlib.register_module_6
Compiling module xil_defaultlib.register_file
Compiling architecture tb of entity xil_defaultlib.registerfiletb
Built simulation snapshot RegisterFileTB_time_synth
INFO: [USF-XSim-69] 'elaborate' step finished in '4' seconds
INFO: [USF-XSim-4] XSim::Simulate design
INFO: [USF-XSim-61] Executing 'SIMULATE' step in 'C:/Users/Dhruv/Desktop/DSD II/Lab_2/Lab_2.sim/sim_1/synth/timing/xsim'
INFO: [USF-XSim-98] *** Running xsim
   with args "RegisterFileTB_time_synth -key {Post-Synthesis:sim_1:Timing:RegisterFileTB} -tclbatch {RegisterFileTB.tcl} -log {simulate.log}"
INFO: [USF-XSim-8] Loading simulator feature
Vivado Simulator 2019.1
Time resolution is 1 ps
source RegisterFileTB.tcl
# set curr_wave [current_wave_config]
# if { [string length $curr_wave] == 0 } {
#   if { [llength [get_objects]] > 0} {
#     add_wave /
#     set_property needs_save false [current_wave_config]
#   } else {
#      send_msg_id Add_Wave-1 WARNING "No top level signals found. Simulator will start without a wave window. If you want to open a wave window go to 'File->New Waveform Configuration' or type 'create_wave_config' in the TCL console."
#   }
# }
# run 1000ns
Error: Error in Operation
Time: 520 ns  Iteration: 0  Process: /RegisterFileTB/stim_proc  File: C:/Users/Dhruv/Desktop/DSD II/Lab_2/Lab_2.srcs/sim_1/new/RegisterFileTB.vhd
Error: Error in Operation
Time: 660 ns  Iteration: 0  Process: /RegisterFileTB/stim_proc  File: C:/Users/Dhruv/Desktop/DSD II/Lab_2/Lab_2.srcs/sim_1/new/RegisterFileTB.vhd
Error: Error in Operation
Time: 660 ns  Iteration: 0  Process: /RegisterFileTB/stim_proc  File: C:/Users/Dhruv/Desktop/DSD II/Lab_2/Lab_2.srcs/sim_1/new/RegisterFileTB.vhd
Error: Error in Operation
Time: 800 ns  Iteration: 0  Process: /RegisterFileTB/stim_proc  File: C:/Users/Dhruv/Desktop/DSD II/Lab_2/Lab_2.srcs/sim_1/new/RegisterFileTB.vhd
Error: Error in Operation
Time: 800 ns  Iteration: 0  Process: /RegisterFileTB/stim_proc  File: C:/Users/Dhruv/Desktop/DSD II/Lab_2/Lab_2.srcs/sim_1/new/RegisterFileTB.vhd
Error: Error in Operation
Time: 940 ns  Iteration: 0  Process: /RegisterFileTB/stim_proc  File: C:/Users/Dhruv/Desktop/DSD II/Lab_2/Lab_2.srcs/sim_1/new/RegisterFileTB.vhd
INFO: [USF-XSim-96] XSim completed. Design snapshot 'RegisterFileTB_time_synth' loaded.
INFO: [USF-XSim-97] XSim simulation ran for 1000ns
launch_simulation: Time (s): cpu = 00:00:41 ; elapsed = 00:00:36 . Memory (MB): peak = 1843.000 ; gain = 133.105
launch_runs impl_1 -jobs 4
Netlist sorting complete. Time (s): cpu = 00:00:00 ; elapsed = 00:00:00 . Memory (MB): peak = 1844.258 ; gain = 0.000
INFO: [Timing 38-480] Writing timing data to binary archive.
Writing placer database...
Writing XDEF routing.
Writing XDEF routing logical nets.
Writing XDEF routing special nets.
Write XDEF Complete: Time (s): cpu = 00:00:00 ; elapsed = 00:00:00.084 . Memory (MB): peak = 1858.434 ; gain = 14.176
[Tue Sep 15 14:26:28 2020] Launched impl_1...
Run output will be captured here: C:/Users/Dhruv/Desktop/DSD II/Lab_2/Lab_2.runs/impl_1/runme.log
set_property is_enabled false [get_files  {{C:/Users/Dhruv/Desktop/DSD II/Lab_2/Lab_2.srcs/constrs_1/new/register_file.xdc}}]
reset_run synth_1
WARNING: [Vivado 12-1017] Problems encountered:
1. Failed to delete one or more files in run directory C:/Users/Dhruv/Desktop/DSD II/Lab_2/Lab_2.runs/synth_1

launch_runs impl_1 -jobs 4
WARNING: [Project 1-478] Design 'synth_1' is stale and will not be used when launching 'impl_1'
[Tue Sep 15 14:28:15 2020] Launched synth_1...
Run output will be captured here: C:/Users/Dhruv/Desktop/DSD II/Lab_2/Lab_2.runs/synth_1/runme.log
[Tue Sep 15 14:28:15 2020] Launched impl_1...
Run output will be captured here: C:/Users/Dhruv/Desktop/DSD II/Lab_2/Lab_2.runs/impl_1/runme.log
launch_simulation -mode post-implementation -type timing
INFO: [Vivado 12-5682] Launching post-implementation timing simulation in 'C:/Users/Dhruv/Desktop/DSD II/Lab_2/Lab_2.sim/sim_1/impl/timing/xsim'
INFO: [SIM-utils-51] Simulation object is 'sim_1'
INFO: [SIM-utils-20] The target language is set to VHDL, it is not supported for simulation type 'timing', using Verilog instead.
INFO: [Netlist 29-17] Analyzing 16 Unisim elements for replacement
INFO: [Netlist 29-28] Unisim Transformation completed in 0 CPU seconds
INFO: [Project 1-479] Netlist was created with Vivado 2019.1
INFO: [Project 1-570] Preparing netlist for logic optimization
Reading XDEF placement.
Reading placer database...
Reading XDEF routing.
Read XDEF File: Time (s): cpu = 00:00:01 ; elapsed = 00:00:00.060 . Memory (MB): peak = 2114.152 ; gain = 0.000
Restored from archive | CPU: 1.000000 secs | Memory: 0.000000 MB |
Finished XDEF File Restore: Time (s): cpu = 00:00:01 ; elapsed = 00:00:00.061 . Memory (MB): peak = 2114.152 ; gain = 0.000
Netlist sorting complete. Time (s): cpu = 00:00:00 ; elapsed = 00:00:00 . Memory (MB): peak = 2114.152 ; gain = 0.000
INFO: [Project 1-111] Unisim Transformation Summary:
No Unisim elements were transformed.

INFO: [SIM-utils-31] Writing simulation netlist file for design 'impl_1'...
INFO: [SIM-utils-32] write_verilog -mode timesim -nolib -sdf_anno true -force -file "C:/Users/Dhruv/Desktop/DSD II/Lab_2/Lab_2.sim/sim_1/impl/timing/xsim/RegisterFileTB_time_impl.v"
INFO: [SIM-utils-34] Writing SDF file...
INFO: [SIM-utils-35] write_sdf -mode timesim -process_corner slow -force -file "C:/Users/Dhruv/Desktop/DSD II/Lab_2/Lab_2.sim/sim_1/impl/timing/xsim/RegisterFileTB_time_impl.sdf"
INFO: [SIM-utils-36] Netlist generated:C:/Users/Dhruv/Desktop/DSD II/Lab_2/Lab_2.sim/sim_1/impl/timing/xsim/RegisterFileTB_time_impl.v
INFO: [SIM-utils-37] SDF generated:C:/Users/Dhruv/Desktop/DSD II/Lab_2/Lab_2.sim/sim_1/impl/timing/xsim/RegisterFileTB_time_impl.sdf
INFO: [SIM-utils-54] Inspecting design source files for 'RegisterFileTB' in fileset 'sim_1'...
INFO: [USF-XSim-2] XSim::Compile design
INFO: [USF-XSim-61] Executing 'COMPILE and ANALYZE' step in 'C:/Users/Dhruv/Desktop/DSD II/Lab_2/Lab_2.sim/sim_1/impl/timing/xsim'
"xvlog --incr --relax -prj RegisterFileTB_vlog.prj"
INFO: [VRFC 10-2263] Analyzing Verilog file "C:/Users/Dhruv/Desktop/DSD II/Lab_2/Lab_2.sim/sim_1/impl/timing/xsim/RegisterFileTB_time_impl.v" into library xil_defaultlib
INFO: [VRFC 10-311] analyzing module register_file
INFO: [VRFC 10-311] analyzing module register_module
INFO: [VRFC 10-311] analyzing module register_module_0
INFO: [VRFC 10-311] analyzing module register_module_1
INFO: [VRFC 10-311] analyzing module register_module_2
INFO: [VRFC 10-311] analyzing module register_module_3
INFO: [VRFC 10-311] analyzing module register_module_4
INFO: [VRFC 10-311] analyzing module register_module_5
INFO: [VRFC 10-311] analyzing module register_module_6
INFO: [VRFC 10-311] analyzing module glbl
"xvhdl --incr --relax -prj RegisterFileTB_vhdl.prj"
INFO: [VRFC 10-163] Analyzing VHDL file "C:/Users/Dhruv/Desktop/DSD II/Lab_2/Lab_2.srcs/sim_1/new/RegisterFileTB.vhd" into library xil_defaultlib
INFO: [VRFC 10-3107] analyzing entity 'RegisterFileTB'
INFO: [USF-XSim-69] 'compile' step finished in '4' seconds
INFO: [USF-XSim-3] XSim::Elaborate design
INFO: [USF-XSim-61] Executing 'ELABORATE' step in 'C:/Users/Dhruv/Desktop/DSD II/Lab_2/Lab_2.sim/sim_1/impl/timing/xsim'
"xelab -wto 82bc7047c6b74fb682e07f2ea87a2de0 --incr --debug typical --relax --mt 2 --maxdelay -L xil_defaultlib -L simprims_ver -L secureip --snapshot RegisterFileTB_time_impl -transport_int_delays -pulse_r 0 -pulse_int_r 0 -pulse_e 0 -pulse_int_e 0 xil_defaultlib.RegisterFileTB xil_defaultlib.glbl -log elaborate.log"
Vivado Simulator 2019.1
Copyright 1986-1999, 2001-2019 Xilinx, Inc. All Rights Reserved.
Running: C:/Xilinx/Vivado/2019.1/bin/unwrapped/win64.o/xelab.exe -wto 82bc7047c6b74fb682e07f2ea87a2de0 --incr --debug typical --relax --mt 2 --maxdelay -L xil_defaultlib -L simprims_ver -L secureip --snapshot RegisterFileTB_time_impl -transport_int_delays -pulse_r 0 -pulse_int_r 0 -pulse_e 0 -pulse_int_e 0 xil_defaultlib.RegisterFileTB xil_defaultlib.glbl -log elaborate.log 
Using 2 slave threads.
Starting static elaboration
Completed static elaboration
Starting simulation data flow analysis
Completed simulation data flow analysis
INFO: [XSIM 43-3451] SDF backannotation process started with SDF file "RegisterFileTB_time_impl.sdf", for root module "RegisterFileTB/UUT".
INFO: [XSIM 43-3452] SDF backannotation was successful for SDF file "RegisterFileTB_time_impl.sdf", for root module "RegisterFileTB/UUT".
Time Resolution for simulation is 1ps
Compiling package std.standard
Compiling package std.textio
Compiling package ieee.std_logic_1164
Compiling package vl.vl_types
Compiling module xil_defaultlib.glbl
Compiling module simprims_ver.IBUF
Compiling module simprims_ver.OBUF
Compiling module simprims_ver.BUFG
Compiling module simprims_ver.LUT4
Compiling module simprims_ver.x_lut1_mux2
Compiling module simprims_ver.LUT1
Compiling module simprims_ver.FDCE(IS_C_INVERTED=1'b1)
Compiling module xil_defaultlib.register_module
Compiling module xil_defaultlib.register_module_0
Compiling module xil_defaultlib.register_module_1
Compiling module simprims_ver.MUXF7
Compiling module simprims_ver.LUT6
Compiling module xil_defaultlib.register_module_2
Compiling module xil_defaultlib.register_module_3
Compiling module xil_defaultlib.register_module_4
Compiling module xil_defaultlib.register_module_5
Compiling module xil_defaultlib.register_module_6
Compiling module xil_defaultlib.register_file
Compiling architecture tb of entity xil_defaultlib.registerfiletb
Built simulation snapshot RegisterFileTB_time_impl
run_program: Time (s): cpu = 00:00:00 ; elapsed = 00:00:05 . Memory (MB): peak = 2169.176 ; gain = 0.000
INFO: [USF-XSim-69] 'elaborate' step finished in '5' seconds
INFO: [USF-XSim-4] XSim::Simulate design
INFO: [USF-XSim-61] Executing 'SIMULATE' step in 'C:/Users/Dhruv/Desktop/DSD II/Lab_2/Lab_2.sim/sim_1/impl/timing/xsim'
INFO: [USF-XSim-98] *** Running xsim
   with args "RegisterFileTB_time_impl -key {Post-Implementation:sim_1:Timing:RegisterFileTB} -tclbatch {RegisterFileTB.tcl} -log {simulate.log}"
INFO: [USF-XSim-8] Loading simulator feature
Vivado Simulator 2019.1
Time resolution is 1 ps
source RegisterFileTB.tcl
# set curr_wave [current_wave_config]
# if { [string length $curr_wave] == 0 } {
#   if { [llength [get_objects]] > 0} {
#     add_wave /
#     set_property needs_save false [current_wave_config]
#   } else {
#      send_msg_id Add_Wave-1 WARNING "No top level signals found. Simulator will start without a wave window. If you want to open a wave window go to 'File->New Waveform Configuration' or type 'create_wave_config' in the TCL console."
#   }
# }
# run 1000ns
Error: Error in Operation
Time: 520 ns  Iteration: 0  Process: /RegisterFileTB/stim_proc  File: C:/Users/Dhruv/Desktop/DSD II/Lab_2/Lab_2.srcs/sim_1/new/RegisterFileTB.vhd
Error: Error in Operation
Time: 660 ns  Iteration: 0  Process: /RegisterFileTB/stim_proc  File: C:/Users/Dhruv/Desktop/DSD II/Lab_2/Lab_2.srcs/sim_1/new/RegisterFileTB.vhd
Error: Error in Operation
Time: 660 ns  Iteration: 0  Process: /RegisterFileTB/stim_proc  File: C:/Users/Dhruv/Desktop/DSD II/Lab_2/Lab_2.srcs/sim_1/new/RegisterFileTB.vhd
Error: Error in Operation
Time: 800 ns  Iteration: 0  Process: /RegisterFileTB/stim_proc  File: C:/Users/Dhruv/Desktop/DSD II/Lab_2/Lab_2.srcs/sim_1/new/RegisterFileTB.vhd
Error: Error in Operation
Time: 800 ns  Iteration: 0  Process: /RegisterFileTB/stim_proc  File: C:/Users/Dhruv/Desktop/DSD II/Lab_2/Lab_2.srcs/sim_1/new/RegisterFileTB.vhd
Error: Error in Operation
Time: 940 ns  Iteration: 0  Process: /RegisterFileTB/stim_proc  File: C:/Users/Dhruv/Desktop/DSD II/Lab_2/Lab_2.srcs/sim_1/new/RegisterFileTB.vhd
INFO: [USF-XSim-96] XSim completed. Design snapshot 'RegisterFileTB_time_impl' loaded.
INFO: [USF-XSim-97] XSim simulation ran for 1000ns
launch_simulation: Time (s): cpu = 00:00:12 ; elapsed = 00:00:18 . Memory (MB): peak = 2169.176 ; gain = 55.023
set_property is_enabled true [get_files  {{C:/Users/Dhruv/Desktop/DSD II/Lab_2/Lab_2.srcs/constrs_1/new/register_file.xdc}}]
current_design synth_1
current_design impl_1
report_utilization -name utilization_1
reset_run synth_1
WARNING: [Vivado 12-1017] Problems encountered:
1. Failed to delete one or more files in run directory C:/Users/Dhruv/Desktop/DSD II/Lab_2/Lab_2.runs/synth_1

launch_runs impl_1 -jobs 4
WARNING: [Project 1-478] Design 'synth_1' is stale and will not be used when launching 'impl_1'
[Tue Sep 15 14:34:38 2020] Launched synth_1...
Run output will be captured here: C:/Users/Dhruv/Desktop/DSD II/Lab_2/Lab_2.runs/synth_1/runme.log
[Tue Sep 15 14:34:38 2020] Launched impl_1...
Run output will be captured here: C:/Users/Dhruv/Desktop/DSD II/Lab_2/Lab_2.runs/impl_1/runme.log
close_design
close_design
reset_run synth_1
WARNING: [Vivado 12-1017] Problems encountered:
1. Failed to delete one or more files in run directory C:/Users/Dhruv/Desktop/DSD II/Lab_2/Lab_2.runs/synth_1

launch_runs impl_1 -jobs 4
[Tue Sep 15 14:40:03 2020] Launched synth_1...
Run output will be captured here: C:/Users/Dhruv/Desktop/DSD II/Lab_2/Lab_2.runs/synth_1/runme.log
[Tue Sep 15 14:40:03 2020] Launched impl_1...
Run output will be captured here: C:/Users/Dhruv/Desktop/DSD II/Lab_2/Lab_2.runs/impl_1/runme.log
launch_runs impl_1 -to_step write_bitstream -jobs 4
[Tue Sep 15 14:42:05 2020] Launched impl_1...
Run output will be captured here: C:/Users/Dhruv/Desktop/DSD II/Lab_2/Lab_2.runs/impl_1/runme.log
open_hw
connect_hw_server
INFO: [Labtools 27-2285] Connecting to hw_server url TCP:localhost:3121
INFO: [Labtools 27-2222] Launching hw_server...
INFO: [Labtools 27-2221] Launch Output:

****** Xilinx hw_server v2019.1
  **** Build date : May 24 2019 at 15:13:31
    ** Copyright 1986-2019 Xilinx, Inc. All Rights Reserved.


connect_hw_server: Time (s): cpu = 00:00:01 ; elapsed = 00:00:06 . Memory (MB): peak = 3087.883 ; gain = 0.000
open_hw_target
INFO: [Labtoolstcl 44-466] Opening hw_target localhost:3121/xilinx_tcf/Digilent/210183A37797A
set_property PROGRAM.FILE {C:/Users/Dhruv/Desktop/DSD II/Lab_2/Lab_2.runs/impl_1/register_file.bit} [get_hw_devices xc7a35t_0]
current_hw_device [get_hw_devices xc7a35t_0]
refresh_hw_device -update_hw_probes false [lindex [get_hw_devices xc7a35t_0] 0]
INFO: [Labtools 27-1434] Device xc7a35t (JTAG device index = 0) is programmed with a design that has no supported debug core(s) in it.
set_property PROBES.FILE {} [get_hw_devices xc7a35t_0]
set_property FULL_PROBES.FILE {} [get_hw_devices xc7a35t_0]
set_property PROGRAM.FILE {C:/Users/Dhruv/Desktop/DSD II/Lab_2/Lab_2.runs/impl_1/register_file.bit} [get_hw_devices xc7a35t_0]
program_hw_devices [get_hw_devices xc7a35t_0]
INFO: [Labtools 27-3164] End of startup status: HIGH
refresh_hw_device [lindex [get_hw_devices xc7a35t_0] 0]
INFO: [Labtools 27-1434] Device xc7a35t (JTAG device index = 0) is programmed with a design that has no supported debug core(s) in it.
ERROR: [Labtoolstcl 44-513] HW Target shutdown. Closing target: localhost:3121/xilinx_tcf/Digilent/210183A37797A
disconnect_hw_server localhost:3121
connect_hw_server
INFO: [Labtools 27-2285] Connecting to hw_server url TCP:localhost:3121
ERROR: [Labtoolstcl 44-494] There is no active target available for server at localhost.
 Targets(s) ", jsn-Basys3-210183A37797A" may be locked by another hw_server.
reset_run impl_1 -prev_step 
launch_runs impl_1 -to_step write_bitstream -jobs 4
[Tue Sep 15 14:52:30 2020] Launched impl_1...
Run output will be captured here: C:/Users/Dhruv/Desktop/DSD II/Lab_2/Lab_2.runs/impl_1/runme.log
disconnect_hw_server localhost:3121
connect_hw_server
INFO: [Labtools 27-2285] Connecting to hw_server url TCP:localhost:3121
open_hw_target
INFO: [Labtoolstcl 44-466] Opening hw_target localhost:3121/xilinx_tcf/Digilent/210183A37797A
set_property PROGRAM.FILE {C:/Users/Dhruv/Desktop/DSD II/Lab_2/Lab_2.runs/impl_1/register_file.bit} [get_hw_devices xc7a35t_0]
current_hw_device [get_hw_devices xc7a35t_0]
refresh_hw_device -update_hw_probes false [lindex [get_hw_devices xc7a35t_0] 0]
INFO: [Labtools 27-1434] Device xc7a35t (JTAG device index = 0) is programmed with a design that has no supported debug core(s) in it.
set_property PROBES.FILE {} [get_hw_devices xc7a35t_0]
set_property FULL_PROBES.FILE {} [get_hw_devices xc7a35t_0]
set_property PROGRAM.FILE {C:/Users/Dhruv/Desktop/DSD II/Lab_2/Lab_2.runs/impl_1/register_file.bit} [get_hw_devices xc7a35t_0]
program_hw_devices [get_hw_devices xc7a35t_0]
INFO: [Labtools 27-3164] End of startup status: HIGH
refresh_hw_device [lindex [get_hw_devices xc7a35t_0] 0]
INFO: [Labtools 27-1434] Device xc7a35t (JTAG device index = 0) is programmed with a design that has no supported debug core(s) in it.
set_property PROBES.FILE {} [get_hw_devices xc7a35t_0]
set_property FULL_PROBES.FILE {} [get_hw_devices xc7a35t_0]
set_property PROGRAM.FILE {C:/Users/Dhruv/Desktop/DSD II/Lab_2/Lab_2.runs/impl_1/register_file.bit} [get_hw_devices xc7a35t_0]
program_hw_devices [get_hw_devices xc7a35t_0]
INFO: [Labtools 27-3164] End of startup status: HIGH
refresh_hw_device [lindex [get_hw_devices xc7a35t_0] 0]
INFO: [Labtools 27-1434] Device xc7a35t (JTAG device index = 0) is programmed with a design that has no supported debug core(s) in it.
ERROR: [Labtoolstcl 44-513] HW Target shutdown. Closing target: localhost:3121/xilinx_tcf/Digilent/210183A37797A
INFO: [Labtoolstcl 44-466] Opening hw_target localhost:3121/xilinx_tcf/Digilent/210183A37797A
INFO: [Labtools 27-1434] Device xc7a35t (JTAG device index = 0) is programmed with a design that has no supported debug core(s) in it.
WARNING: [Labtoolstcl 44-129] No matching hw_ila_data was found.
set_property PROBES.FILE {} [get_hw_devices xc7a35t_0]
set_property FULL_PROBES.FILE {} [get_hw_devices xc7a35t_0]
set_property PROGRAM.FILE {C:/Users/Dhruv/Desktop/DSD II/Lab_2/Lab_2.runs/impl_1/register_file.bit} [get_hw_devices xc7a35t_0]
program_hw_devices [get_hw_devices xc7a35t_0]
INFO: [Labtools 27-3164] End of startup status: HIGH
refresh_hw_device [lindex [get_hw_devices xc7a35t_0] 0]
INFO: [Labtools 27-1434] Device xc7a35t (JTAG device index = 0) is programmed with a design that has no supported debug core(s) in it.
ERROR: [Labtoolstcl 44-513] HW Target shutdown. Closing target: localhost:3121/xilinx_tcf/Digilent/210183A37797A
close_sim
INFO: [Simtcl 6-16] Simulation closed
current_sim simulation_2
close_sim
INFO: [Simtcl 6-16] Simulation closed
close_sim
INFO: [Simtcl 6-16] Simulation closed
exit
INFO: [Common 17-206] Exiting Vivado at Tue Sep 15 15:06:32 2020...
