#-----------------------------------------------------------
# Vivado v2019.1 (64-bit)
# SW Build 2552052 on Fri May 24 14:49:42 MDT 2019
# IP Build 2548770 on Fri May 24 18:01:18 MDT 2019
# Start of session at: Tue Sep 15 13:12:57 2020
# Process ID: 7920
# Current directory: C:/Users/Dhruv/Desktop/DSD II/Lab_2
# Command line: vivado.exe -gui_launcher_event rodinguilauncherevent8204 C:\Users\Dhruv\Desktop\DSD II\Lab_2\Lab_2.xpr
# Log file: C:/Users/Dhruv/Desktop/DSD II/Lab_2/vivado.log
# Journal file: C:/Users/Dhruv/Desktop/DSD II/Lab_2\vivado.jou
#-----------------------------------------------------------
start_gui
open_project {C:/Users/Dhruv/Desktop/DSD II/Lab_2/Lab_2.xpr}
Scanning sources...
Finished scanning sources
INFO: [IP_Flow 19-234] Refreshing IP repositories
INFO: [IP_Flow 19-1704] No user IP repositories specified
INFO: [IP_Flow 19-2313] Loaded Vivado IP repository 'C:/Xilinx/Vivado/2019.1/data/ip'.
open_project: Time (s): cpu = 00:00:13 ; elapsed = 00:00:08 . Memory (MB): peak = 762.965 ; gain = 165.133
update_compile_order -fileset sources_1
launch_simulation
INFO: [Vivado 12-5682] Launching behavioral simulation in 'C:/Users/Dhruv/Desktop/DSD II/Lab_2/Lab_2.sim/sim_1/behav/xsim'
INFO: [SIM-utils-51] Simulation object is 'sim_1'
INFO: [SIM-utils-54] Inspecting design source files for 'RegisterFileTB' in fileset 'sim_1'...
INFO: [USF-XSim-97] Finding global include files...
INFO: [USF-XSim-98] Fetching design files from 'sim_1'...
INFO: [USF-XSim-2] XSim::Compile design
INFO: [USF-XSim-61] Executing 'COMPILE and ANALYZE' step in 'C:/Users/Dhruv/Desktop/DSD II/Lab_2/Lab_2.sim/sim_1/behav/xsim'
"xvhdl --incr --relax -prj RegisterFileTB_vhdl.prj"
INFO: [VRFC 10-163] Analyzing VHDL file "C:/Users/Dhruv/Desktop/DSD II/Lab_2/Lab_2.srcs/sim_1/new/RegisterFileTB.vhd" into library xil_defaultlib
INFO: [VRFC 10-3107] analyzing entity 'RegisterFileTB'
INFO: [USF-XSim-69] 'compile' step finished in '3' seconds
INFO: [USF-XSim-3] XSim::Elaborate design
INFO: [USF-XSim-61] Executing 'ELABORATE' step in 'C:/Users/Dhruv/Desktop/DSD II/Lab_2/Lab_2.sim/sim_1/behav/xsim'
"xelab -wto 82bc7047c6b74fb682e07f2ea87a2de0 --incr --debug typical --relax --mt 2 -L xil_defaultlib -L secureip --snapshot RegisterFileTB_behav xil_defaultlib.RegisterFileTB -log elaborate.log"
Vivado Simulator 2019.1
Copyright 1986-1999, 2001-2019 Xilinx, Inc. All Rights Reserved.
Running: C:/Xilinx/Vivado/2019.1/bin/unwrapped/win64.o/xelab.exe -wto 82bc7047c6b74fb682e07f2ea87a2de0 --incr --debug typical --relax --mt 2 -L xil_defaultlib -L secureip --snapshot RegisterFileTB_behav xil_defaultlib.RegisterFileTB -log elaborate.log 
Using 2 slave threads.
Starting static elaboration
Completed static elaboration
Starting simulation data flow analysis
Completed simulation data flow analysis
Time Resolution for simulation is 1ps
Compiling package std.standard
Compiling package std.textio
Compiling package ieee.std_logic_1164
Compiling package ieee.numeric_std
Compiling architecture behavioral of entity xil_defaultlib.two_and [two_and_default]
Compiling architecture behavioral of entity xil_defaultlib.register_module [register_module_default]
Compiling architecture behavioral of entity xil_defaultlib.generic_decoder [generic_decoder_default]
Compiling architecture behavioral of entity xil_defaultlib.generic_mux [generic_mux_default]
Compiling architecture behavioral of entity xil_defaultlib.register_file [register_file_default]
Compiling architecture tb of entity xil_defaultlib.registerfiletb
Built simulation snapshot RegisterFileTB_behav

****** Webtalk v2019.1 (64-bit)
  **** SW Build 2552052 on Fri May 24 14:49:42 MDT 2019
  **** IP Build 2548770 on Fri May 24 18:01:18 MDT 2019
    ** Copyright 1986-2019 Xilinx, Inc. All Rights Reserved.

source C:/Users/Dhruv/Desktop/DSD -notrace
couldn't read file "C:/Users/Dhruv/Desktop/DSD": no such file or directory
INFO: [Common 17-206] Exiting Webtalk at Tue Sep 15 13:18:29 2020...
run_program: Time (s): cpu = 00:00:01 ; elapsed = 00:00:05 . Memory (MB): peak = 856.754 ; gain = 0.000
INFO: [USF-XSim-69] 'elaborate' step finished in '5' seconds
INFO: [USF-XSim-4] XSim::Simulate design
INFO: [USF-XSim-61] Executing 'SIMULATE' step in 'C:/Users/Dhruv/Desktop/DSD II/Lab_2/Lab_2.sim/sim_1/behav/xsim'
INFO: [USF-XSim-98] *** Running xsim
   with args "RegisterFileTB_behav -key {Behavioral:sim_1:Functional:RegisterFileTB} -tclbatch {RegisterFileTB.tcl} -log {simulate.log}"
INFO: [USF-XSim-8] Loading simulator feature
Vivado Simulator 2019.1
Time resolution is 1 ps
source RegisterFileTB.tcl
# set curr_wave [current_wave_config]
# if { [string length $curr_wave] == 0 } {
#   if { [llength [get_objects]] > 0} {
#     add_wave /
#     set_property needs_save false [current_wave_config]
#   } else {
#      send_msg_id Add_Wave-1 WARNING "No top level signals found. Simulator will start without a wave window. If you want to open a wave window go to 'File->New Waveform Configuration' or type 'create_wave_config' in the TCL console."
#   }
# }
# run 1000ns
Error: Error in Operation
Time: 520 ns  Iteration: 0  Process: /RegisterFileTB/stim_proc  File: C:/Users/Dhruv/Desktop/DSD II/Lab_2/Lab_2.srcs/sim_1/new/RegisterFileTB.vhd
Error: Error in Operation
Time: 660 ns  Iteration: 0  Process: /RegisterFileTB/stim_proc  File: C:/Users/Dhruv/Desktop/DSD II/Lab_2/Lab_2.srcs/sim_1/new/RegisterFileTB.vhd
Error: Error in Operation
Time: 660 ns  Iteration: 0  Process: /RegisterFileTB/stim_proc  File: C:/Users/Dhruv/Desktop/DSD II/Lab_2/Lab_2.srcs/sim_1/new/RegisterFileTB.vhd
Error: Error in Operation
Time: 800 ns  Iteration: 0  Process: /RegisterFileTB/stim_proc  File: C:/Users/Dhruv/Desktop/DSD II/Lab_2/Lab_2.srcs/sim_1/new/RegisterFileTB.vhd
Error: Error in Operation
Time: 800 ns  Iteration: 0  Process: /RegisterFileTB/stim_proc  File: C:/Users/Dhruv/Desktop/DSD II/Lab_2/Lab_2.srcs/sim_1/new/RegisterFileTB.vhd
Error: Error in Operation
Time: 940 ns  Iteration: 0  Process: /RegisterFileTB/stim_proc  File: C:/Users/Dhruv/Desktop/DSD II/Lab_2/Lab_2.srcs/sim_1/new/RegisterFileTB.vhd
INFO: [USF-XSim-96] XSim completed. Design snapshot 'RegisterFileTB_behav' loaded.
INFO: [USF-XSim-97] XSim simulation ran for 1000ns
launch_simulation: Time (s): cpu = 00:00:09 ; elapsed = 00:00:12 . Memory (MB): peak = 873.770 ; gain = 17.016
launch_simulation -mode post-synthesis -type timing
INFO: [Vivado 12-5682] Launching post-synthesis timing simulation in 'C:/Users/Dhruv/Desktop/DSD II/Lab_2/Lab_2.sim/sim_1/synth/timing/xsim'
INFO: [SIM-utils-51] Simulation object is 'sim_1'
INFO: [SIM-utils-20] The target language is set to VHDL, it is not supported for simulation type 'timing', using Verilog instead.
Design is defaulting to impl run constrset: constrs_1
Design is defaulting to synth run part: xc7a35tcpg236-1
INFO: [Device 21-403] Loading part xc7a35tcpg236-1
INFO: [Netlist 29-17] Analyzing 16 Unisim elements for replacement
INFO: [Netlist 29-28] Unisim Transformation completed in 0 CPU seconds
INFO: [Project 1-479] Netlist was created with Vivado 2019.1
INFO: [Project 1-570] Preparing netlist for logic optimization
Parsing XDC File [C:/Users/Dhruv/Desktop/DSD II/Lab_2/Lab_2.srcs/constrs_1/new/register_file.xdc]
Finished Parsing XDC File [C:/Users/Dhruv/Desktop/DSD II/Lab_2/Lab_2.srcs/constrs_1/new/register_file.xdc]
INFO: [Opt 31-138] Pushed 0 inverter(s) to 0 load pin(s).
Netlist sorting complete. Time (s): cpu = 00:00:00 ; elapsed = 00:00:00 . Memory (MB): peak = 1208.938 ; gain = 0.000
INFO: [Project 1-111] Unisim Transformation Summary:
No Unisim elements were transformed.

open_run: Time (s): cpu = 00:00:18 ; elapsed = 00:00:13 . Memory (MB): peak = 1331.980 ; gain = 457.973
INFO: [SIM-utils-24] Writing simulation netlist file for design 'synth_1'...
INFO: [SIM-utils-25] write_verilog -mode timesim -nolib -sdf_anno true -force -file "C:/Users/Dhruv/Desktop/DSD II/Lab_2/Lab_2.sim/sim_1/synth/timing/xsim/RegisterFileTB_time_synth.v"
write_verilog: Time (s): cpu = 00:00:07 ; elapsed = 00:00:06 . Memory (MB): peak = 1366.020 ; gain = 33.496
INFO: [SIM-utils-27] Writing SDF file...
INFO: [SIM-utils-28] write_sdf -mode timesim -process_corner slow -force -file "C:/Users/Dhruv/Desktop/DSD II/Lab_2/Lab_2.sim/sim_1/synth/timing/xsim/RegisterFileTB_time_synth.sdf"
INFO: [SIM-utils-36] Netlist generated:C:/Users/Dhruv/Desktop/DSD II/Lab_2/Lab_2.sim/sim_1/synth/timing/xsim/RegisterFileTB_time_synth.v
INFO: [SIM-utils-37] SDF generated:C:/Users/Dhruv/Desktop/DSD II/Lab_2/Lab_2.sim/sim_1/synth/timing/xsim/RegisterFileTB_time_synth.sdf
INFO: [SIM-utils-54] Inspecting design source files for 'RegisterFileTB' in fileset 'sim_1'...
INFO: [USF-XSim-2] XSim::Compile design
INFO: [USF-XSim-61] Executing 'COMPILE and ANALYZE' step in 'C:/Users/Dhruv/Desktop/DSD II/Lab_2/Lab_2.sim/sim_1/synth/timing/xsim'
"xvlog --incr --relax -prj RegisterFileTB_vlog.prj"
INFO: [VRFC 10-2263] Analyzing Verilog file "C:/Users/Dhruv/Desktop/DSD II/Lab_2/Lab_2.sim/sim_1/synth/timing/xsim/RegisterFileTB_time_synth.v" into library xil_defaultlib
INFO: [VRFC 10-311] analyzing module register_file
INFO: [VRFC 10-311] analyzing module register_module
INFO: [VRFC 10-311] analyzing module register_module_0
INFO: [VRFC 10-311] analyzing module register_module_1
INFO: [VRFC 10-311] analyzing module register_module_2
INFO: [VRFC 10-311] analyzing module register_module_3
INFO: [VRFC 10-311] analyzing module register_module_4
INFO: [VRFC 10-311] analyzing module register_module_5
INFO: [VRFC 10-311] analyzing module register_module_6
INFO: [VRFC 10-311] analyzing module glbl
"xvhdl --incr --relax -prj RegisterFileTB_vhdl.prj"
INFO: [VRFC 10-163] Analyzing VHDL file "C:/Users/Dhruv/Desktop/DSD II/Lab_2/Lab_2.srcs/sim_1/new/RegisterFileTB.vhd" into library xil_defaultlib
INFO: [VRFC 10-3107] analyzing entity 'RegisterFileTB'
INFO: [USF-XSim-69] 'compile' step finished in '3' seconds
INFO: [USF-XSim-3] XSim::Elaborate design
INFO: [USF-XSim-61] Executing 'ELABORATE' step in 'C:/Users/Dhruv/Desktop/DSD II/Lab_2/Lab_2.sim/sim_1/synth/timing/xsim'
"xelab -wto 82bc7047c6b74fb682e07f2ea87a2de0 --incr --debug typical --relax --mt 2 --maxdelay -L xil_defaultlib -L simprims_ver -L secureip --snapshot RegisterFileTB_time_synth -transport_int_delays -pulse_r 0 -pulse_int_r 0 -pulse_e 0 -pulse_int_e 0 xil_defaultlib.RegisterFileTB xil_defaultlib.glbl -log elaborate.log"
Vivado Simulator 2019.1
Copyright 1986-1999, 2001-2019 Xilinx, Inc. All Rights Reserved.
Running: C:/Xilinx/Vivado/2019.1/bin/unwrapped/win64.o/xelab.exe -wto 82bc7047c6b74fb682e07f2ea87a2de0 --incr --debug typical --relax --mt 2 --maxdelay -L xil_defaultlib -L simprims_ver -L secureip --snapshot RegisterFileTB_time_synth -transport_int_delays -pulse_r 0 -pulse_int_r 0 -pulse_e 0 -pulse_int_e 0 xil_defaultlib.RegisterFileTB xil_defaultlib.glbl -log elaborate.log 
Using 2 slave threads.
Starting static elaboration
Completed static elaboration
Starting simulation data flow analysis
Completed simulation data flow analysis
INFO: [XSIM 43-3451] SDF backannotation process started with SDF file "RegisterFileTB_time_synth.sdf", for root module "RegisterFileTB/UUT".
INFO: [XSIM 43-3452] SDF backannotation was successful for SDF file "RegisterFileTB_time_synth.sdf", for root module "RegisterFileTB/UUT".
Time Resolution for simulation is 1ps
Compiling package std.standard
Compiling package std.textio
Compiling package ieee.std_logic_1164
Compiling package vl.vl_types
Compiling module xil_defaultlib.glbl
Compiling module simprims_ver.IBUF
Compiling module simprims_ver.OBUF
Compiling module simprims_ver.BUFG
Compiling module simprims_ver.LUT4
Compiling module simprims_ver.x_lut1_mux2
Compiling module simprims_ver.LUT1
Compiling module simprims_ver.FDCE(IS_C_INVERTED=1'b1)
Compiling module xil_defaultlib.register_module
Compiling module xil_defaultlib.register_module_0
Compiling module xil_defaultlib.register_module_1
Compiling module simprims_ver.MUXF7
Compiling module simprims_ver.LUT6
Compiling module xil_defaultlib.register_module_2
Compiling module xil_defaultlib.register_module_3
Compiling module xil_defaultlib.register_module_4
Compiling module xil_defaultlib.register_module_5
Compiling module xil_defaultlib.register_module_6
Compiling module xil_defaultlib.register_file
Compiling architecture tb of entity xil_defaultlib.registerfiletb
Built simulation snapshot RegisterFileTB_time_synth

****** Webtalk v2019.1 (64-bit)
  **** SW Build 2552052 on Fri May 24 14:49:42 MDT 2019
  **** IP Build 2548770 on Fri May 24 18:01:18 MDT 2019
    ** Copyright 1986-2019 Xilinx, Inc. All Rights Reserved.

source C:/Users/Dhruv/Desktop/DSD -notrace
couldn't read file "C:/Users/Dhruv/Desktop/DSD": no such file or directory
INFO: [Common 17-206] Exiting Webtalk at Tue Sep 15 13:20:32 2020...
run_program: Time (s): cpu = 00:00:00 ; elapsed = 00:00:06 . Memory (MB): peak = 1745.039 ; gain = 0.000
INFO: [USF-XSim-69] 'elaborate' step finished in '6' seconds
INFO: [USF-XSim-4] XSim::Simulate design
INFO: [USF-XSim-61] Executing 'SIMULATE' step in 'C:/Users/Dhruv/Desktop/DSD II/Lab_2/Lab_2.sim/sim_1/synth/timing/xsim'
INFO: [USF-XSim-98] *** Running xsim
   with args "RegisterFileTB_time_synth -key {Post-Synthesis:sim_1:Timing:RegisterFileTB} -tclbatch {RegisterFileTB.tcl} -log {simulate.log}"
INFO: [USF-XSim-8] Loading simulator feature
Vivado Simulator 2019.1
Time resolution is 1 ps
source RegisterFileTB.tcl
# set curr_wave [current_wave_config]
# if { [string length $curr_wave] == 0 } {
#   if { [llength [get_objects]] > 0} {
#     add_wave /
#     set_property needs_save false [current_wave_config]
#   } else {
#      send_msg_id Add_Wave-1 WARNING "No top level signals found. Simulator will start without a wave window. If you want to open a wave window go to 'File->New Waveform Configuration' or type 'create_wave_config' in the TCL console."
#   }
# }
# run 1000ns
Error: Error in Operation
Time: 520 ns  Iteration: 0  Process: /RegisterFileTB/stim_proc  File: C:/Users/Dhruv/Desktop/DSD II/Lab_2/Lab_2.srcs/sim_1/new/RegisterFileTB.vhd
Error: Error in Operation
Time: 660 ns  Iteration: 0  Process: /RegisterFileTB/stim_proc  File: C:/Users/Dhruv/Desktop/DSD II/Lab_2/Lab_2.srcs/sim_1/new/RegisterFileTB.vhd
Error: Error in Operation
Time: 660 ns  Iteration: 0  Process: /RegisterFileTB/stim_proc  File: C:/Users/Dhruv/Desktop/DSD II/Lab_2/Lab_2.srcs/sim_1/new/RegisterFileTB.vhd
Error: Error in Operation
Time: 800 ns  Iteration: 0  Process: /RegisterFileTB/stim_proc  File: C:/Users/Dhruv/Desktop/DSD II/Lab_2/Lab_2.srcs/sim_1/new/RegisterFileTB.vhd
Error: Error in Operation
Time: 800 ns  Iteration: 0  Process: /RegisterFileTB/stim_proc  File: C:/Users/Dhruv/Desktop/DSD II/Lab_2/Lab_2.srcs/sim_1/new/RegisterFileTB.vhd
Error: Error in Operation
Time: 940 ns  Iteration: 0  Process: /RegisterFileTB/stim_proc  File: C:/Users/Dhruv/Desktop/DSD II/Lab_2/Lab_2.srcs/sim_1/new/RegisterFileTB.vhd
INFO: [USF-XSim-96] XSim completed. Design snapshot 'RegisterFileTB_time_synth' loaded.
INFO: [USF-XSim-97] XSim simulation ran for 1000ns
launch_simulation: Time (s): cpu = 00:00:39 ; elapsed = 00:00:35 . Memory (MB): peak = 1778.027 ; gain = 904.020
launch_simulation -mode post-implementation -type timing
INFO: [Vivado 12-5682] Launching post-implementation timing simulation in 'C:/Users/Dhruv/Desktop/DSD II/Lab_2/Lab_2.sim/sim_1/impl/timing/xsim'
INFO: [SIM-utils-51] Simulation object is 'sim_1'
INFO: [SIM-utils-20] The target language is set to VHDL, it is not supported for simulation type 'timing', using Verilog instead.
INFO: [Netlist 29-17] Analyzing 16 Unisim elements for replacement
INFO: [Netlist 29-28] Unisim Transformation completed in 0 CPU seconds
INFO: [Project 1-479] Netlist was created with Vivado 2019.1
INFO: [Project 1-570] Preparing netlist for logic optimization
Reading XDEF placement.
Reading placer database...
Reading XDEF routing.
Read XDEF File: Time (s): cpu = 00:00:00 ; elapsed = 00:00:00.054 . Memory (MB): peak = 1821.578 ; gain = 0.258
Restored from archive | CPU: 0.000000 secs | Memory: 0.000000 MB |
Finished XDEF File Restore: Time (s): cpu = 00:00:00 ; elapsed = 00:00:00.054 . Memory (MB): peak = 1821.578 ; gain = 0.258
Netlist sorting complete. Time (s): cpu = 00:00:00 ; elapsed = 00:00:00 . Memory (MB): peak = 1821.703 ; gain = 0.000
INFO: [Project 1-111] Unisim Transformation Summary:
No Unisim elements were transformed.

INFO: [SIM-utils-31] Writing simulation netlist file for design 'impl_1'...
INFO: [SIM-utils-32] write_verilog -mode timesim -nolib -sdf_anno true -force -file "C:/Users/Dhruv/Desktop/DSD II/Lab_2/Lab_2.sim/sim_1/impl/timing/xsim/RegisterFileTB_time_impl.v"
INFO: [SIM-utils-34] Writing SDF file...
INFO: [SIM-utils-35] write_sdf -mode timesim -process_corner slow -force -file "C:/Users/Dhruv/Desktop/DSD II/Lab_2/Lab_2.sim/sim_1/impl/timing/xsim/RegisterFileTB_time_impl.sdf"
INFO: [SIM-utils-36] Netlist generated:C:/Users/Dhruv/Desktop/DSD II/Lab_2/Lab_2.sim/sim_1/impl/timing/xsim/RegisterFileTB_time_impl.v
INFO: [SIM-utils-37] SDF generated:C:/Users/Dhruv/Desktop/DSD II/Lab_2/Lab_2.sim/sim_1/impl/timing/xsim/RegisterFileTB_time_impl.sdf
INFO: [SIM-utils-54] Inspecting design source files for 'RegisterFileTB' in fileset 'sim_1'...
INFO: [USF-XSim-2] XSim::Compile design
INFO: [USF-XSim-61] Executing 'COMPILE and ANALYZE' step in 'C:/Users/Dhruv/Desktop/DSD II/Lab_2/Lab_2.sim/sim_1/impl/timing/xsim'
"xvlog --incr --relax -prj RegisterFileTB_vlog.prj"
INFO: [VRFC 10-2263] Analyzing Verilog file "C:/Users/Dhruv/Desktop/DSD II/Lab_2/Lab_2.sim/sim_1/impl/timing/xsim/RegisterFileTB_time_impl.v" into library xil_defaultlib
INFO: [VRFC 10-311] analyzing module register_file
INFO: [VRFC 10-311] analyzing module register_module
INFO: [VRFC 10-311] analyzing module register_module_0
INFO: [VRFC 10-311] analyzing module register_module_1
INFO: [VRFC 10-311] analyzing module register_module_2
INFO: [VRFC 10-311] analyzing module register_module_3
INFO: [VRFC 10-311] analyzing module register_module_4
INFO: [VRFC 10-311] analyzing module register_module_5
INFO: [VRFC 10-311] analyzing module register_module_6
INFO: [VRFC 10-311] analyzing module glbl
"xvhdl --incr --relax -prj RegisterFileTB_vhdl.prj"
INFO: [VRFC 10-163] Analyzing VHDL file "C:/Users/Dhruv/Desktop/DSD II/Lab_2/Lab_2.srcs/sim_1/new/RegisterFileTB.vhd" into library xil_defaultlib
INFO: [VRFC 10-3107] analyzing entity 'RegisterFileTB'
INFO: [USF-XSim-69] 'compile' step finished in '3' seconds
INFO: [USF-XSim-3] XSim::Elaborate design
INFO: [USF-XSim-61] Executing 'ELABORATE' step in 'C:/Users/Dhruv/Desktop/DSD II/Lab_2/Lab_2.sim/sim_1/impl/timing/xsim'
"xelab -wto 82bc7047c6b74fb682e07f2ea87a2de0 --incr --debug typical --relax --mt 2 --maxdelay -L xil_defaultlib -L simprims_ver -L secureip --snapshot RegisterFileTB_time_impl -transport_int_delays -pulse_r 0 -pulse_int_r 0 -pulse_e 0 -pulse_int_e 0 xil_defaultlib.RegisterFileTB xil_defaultlib.glbl -log elaborate.log"
Vivado Simulator 2019.1
Copyright 1986-1999, 2001-2019 Xilinx, Inc. All Rights Reserved.
Running: C:/Xilinx/Vivado/2019.1/bin/unwrapped/win64.o/xelab.exe -wto 82bc7047c6b74fb682e07f2ea87a2de0 --incr --debug typical --relax --mt 2 --maxdelay -L xil_defaultlib -L simprims_ver -L secureip --snapshot RegisterFileTB_time_impl -transport_int_delays -pulse_r 0 -pulse_int_r 0 -pulse_e 0 -pulse_int_e 0 xil_defaultlib.RegisterFileTB xil_defaultlib.glbl -log elaborate.log 
Using 2 slave threads.
Starting static elaboration
Completed static elaboration
Starting simulation data flow analysis
Completed simulation data flow analysis
INFO: [XSIM 43-3451] SDF backannotation process started with SDF file "RegisterFileTB_time_impl.sdf", for root module "RegisterFileTB/UUT".
INFO: [XSIM 43-3452] SDF backannotation was successful for SDF file "RegisterFileTB_time_impl.sdf", for root module "RegisterFileTB/UUT".
Time Resolution for simulation is 1ps
Compiling package std.standard
Compiling package std.textio
Compiling package ieee.std_logic_1164
Compiling package vl.vl_types
Compiling module xil_defaultlib.glbl
Compiling module simprims_ver.IBUF
Compiling module simprims_ver.OBUF
Compiling module simprims_ver.BUFG
Compiling module simprims_ver.LUT4
Compiling module simprims_ver.x_lut1_mux2
Compiling module simprims_ver.LUT1
Compiling module simprims_ver.FDCE(IS_C_INVERTED=1'b1)
Compiling module xil_defaultlib.register_module
Compiling module xil_defaultlib.register_module_0
Compiling module xil_defaultlib.register_module_1
Compiling module simprims_ver.MUXF7
Compiling module simprims_ver.LUT6
Compiling module xil_defaultlib.register_module_2
Compiling module xil_defaultlib.register_module_3
Compiling module xil_defaultlib.register_module_4
Compiling module xil_defaultlib.register_module_5
Compiling module xil_defaultlib.register_module_6
Compiling module xil_defaultlib.register_file
Compiling architecture tb of entity xil_defaultlib.registerfiletb
Built simulation snapshot RegisterFileTB_time_impl

****** Webtalk v2019.1 (64-bit)
  **** SW Build 2552052 on Fri May 24 14:49:42 MDT 2019
  **** IP Build 2548770 on Fri May 24 18:01:18 MDT 2019
    ** Copyright 1986-2019 Xilinx, Inc. All Rights Reserved.

source C:/Users/Dhruv/Desktop/DSD -notrace
couldn't read file "C:/Users/Dhruv/Desktop/DSD": no such file or directory
INFO: [Common 17-206] Exiting Webtalk at Tue Sep 15 13:21:08 2020...
run_program: Time (s): cpu = 00:00:00 ; elapsed = 00:00:05 . Memory (MB): peak = 1929.641 ; gain = 0.000
INFO: [USF-XSim-69] 'elaborate' step finished in '6' seconds
INFO: [USF-XSim-4] XSim::Simulate design
INFO: [USF-XSim-61] Executing 'SIMULATE' step in 'C:/Users/Dhruv/Desktop/DSD II/Lab_2/Lab_2.sim/sim_1/impl/timing/xsim'
INFO: [USF-XSim-98] *** Running xsim
   with args "RegisterFileTB_time_impl -key {Post-Implementation:sim_1:Timing:RegisterFileTB} -tclbatch {RegisterFileTB.tcl} -log {simulate.log}"
INFO: [USF-XSim-8] Loading simulator feature
Vivado Simulator 2019.1
Time resolution is 1 ps
source RegisterFileTB.tcl
# set curr_wave [current_wave_config]
# if { [string length $curr_wave] == 0 } {
#   if { [llength [get_objects]] > 0} {
#     add_wave /
#     set_property needs_save false [current_wave_config]
#   } else {
#      send_msg_id Add_Wave-1 WARNING "No top level signals found. Simulator will start without a wave window. If you want to open a wave window go to 'File->New Waveform Configuration' or type 'create_wave_config' in the TCL console."
#   }
# }
# run 1000ns
Error: Error in Operation
Time: 520 ns  Iteration: 0  Process: /RegisterFileTB/stim_proc  File: C:/Users/Dhruv/Desktop/DSD II/Lab_2/Lab_2.srcs/sim_1/new/RegisterFileTB.vhd
Error: Error in Operation
Time: 660 ns  Iteration: 0  Process: /RegisterFileTB/stim_proc  File: C:/Users/Dhruv/Desktop/DSD II/Lab_2/Lab_2.srcs/sim_1/new/RegisterFileTB.vhd
Error: Error in Operation
Time: 660 ns  Iteration: 0  Process: /RegisterFileTB/stim_proc  File: C:/Users/Dhruv/Desktop/DSD II/Lab_2/Lab_2.srcs/sim_1/new/RegisterFileTB.vhd
Error: Error in Operation
Time: 800 ns  Iteration: 0  Process: /RegisterFileTB/stim_proc  File: C:/Users/Dhruv/Desktop/DSD II/Lab_2/Lab_2.srcs/sim_1/new/RegisterFileTB.vhd
Error: Error in Operation
Time: 800 ns  Iteration: 0  Process: /RegisterFileTB/stim_proc  File: C:/Users/Dhruv/Desktop/DSD II/Lab_2/Lab_2.srcs/sim_1/new/RegisterFileTB.vhd
Error: Error in Operation
Time: 940 ns  Iteration: 0  Process: /RegisterFileTB/stim_proc  File: C:/Users/Dhruv/Desktop/DSD II/Lab_2/Lab_2.srcs/sim_1/new/RegisterFileTB.vhd
INFO: [USF-XSim-96] XSim completed. Design snapshot 'RegisterFileTB_time_impl' loaded.
INFO: [USF-XSim-97] XSim simulation ran for 1000ns
launch_simulation: Time (s): cpu = 00:00:12 ; elapsed = 00:00:17 . Memory (MB): peak = 1929.641 ; gain = 151.613
reset_run synth_1
WARNING: [Vivado 12-1017] Problems encountered:
1. Failed to delete one or more files in run directory C:/Users/Dhruv/Desktop/DSD II/Lab_2/Lab_2.runs/synth_1

launch_runs impl_1 -jobs 4
WARNING: [Project 1-478] Design 'synth_1' is stale and will not be used when launching 'impl_1'
[Tue Sep 15 13:21:34 2020] Launched synth_1...
Run output will be captured here: C:/Users/Dhruv/Desktop/DSD II/Lab_2/Lab_2.runs/synth_1/runme.log
[Tue Sep 15 13:21:34 2020] Launched impl_1...
Run output will be captured here: C:/Users/Dhruv/Desktop/DSD II/Lab_2/Lab_2.runs/impl_1/runme.log
reset_run impl_1 -prev_step 
launch_runs impl_1 -to_step write_bitstream -jobs 4
[Tue Sep 15 13:22:59 2020] Launched impl_1...
Run output will be captured here: C:/Users/Dhruv/Desktop/DSD II/Lab_2/Lab_2.runs/impl_1/runme.log
close_design
reset_run impl_1 -prev_step 
launch_runs impl_1 -to_step write_bitstream -jobs 4
[Tue Sep 15 14:01:35 2020] Launched impl_1...
Run output will be captured here: C:/Users/Dhruv/Desktop/DSD II/Lab_2/Lab_2.runs/impl_1/runme.log
close_design
open_hw
reset_run impl_1
launch_runs impl_1 -jobs 4
[Tue Sep 15 14:03:41 2020] Launched impl_1...
Run output will be captured here: C:/Users/Dhruv/Desktop/DSD II/Lab_2/Lab_2.runs/impl_1/runme.log
connect_hw_server
INFO: [Labtools 27-2285] Connecting to hw_server url TCP:localhost:3121
INFO: [Labtools 27-2222] Launching hw_server...
INFO: [Labtools 27-2221] Launch Output:

****** Xilinx hw_server v2019.1
  **** Build date : May 24 2019 at 15:13:31
    ** Copyright 1986-2019 Xilinx, Inc. All Rights Reserved.


open_hw_target
INFO: [Labtoolstcl 44-466] Opening hw_target localhost:3121/xilinx_tcf/Digilent/210183A37797A
current_hw_device [get_hw_devices xc7a35t_0]
refresh_hw_device -update_hw_probes false [lindex [get_hw_devices xc7a35t_0] 0]
INFO: [Labtools 27-1434] Device xc7a35t (JTAG device index = 0) is programmed with a design that has no supported debug core(s) in it.
ERROR: [Labtoolstcl 44-513] HW Target shutdown. Closing target: localhost:3121/xilinx_tcf/Digilent/210183A37797A
current_sim simulation_1
close_sim
INFO: [Simtcl 6-16] Simulation closed
launch_simulation
boost::filesystem::remove: The process cannot access the file because it is being used by another process: "C:/Users/Dhruv/Desktop/DSD II/Lab_2/Lab_2.sim/sim_1/behav/xsim/simulate.log"
launch_simulation
boost::filesystem::remove: The process cannot access the file because it is being used by another process: "C:/Users/Dhruv/Desktop/DSD II/Lab_2/Lab_2.sim/sim_1/behav/xsim/simulate.log"
launch_simulation
boost::filesystem::remove: The process cannot access the file because it is being used by another process: "C:/Users/Dhruv/Desktop/DSD II/Lab_2/Lab_2.sim/sim_1/behav/xsim/simulate.log"
relaunch_sim
boost::filesystem::remove: The process cannot access the file because it is being used by another process: "C:/Users/Dhruv/Desktop/DSD II/Lab_2/Lab_2.sim/sim_1/synth/timing/xsim/simulate.log"
INFO: [Common 17-17] undo 'relaunch_sim'
INFO: [Common 17-17] undo 'relaunch_sim'
ERROR: [Common 17-69] Command failed: boost::filesystem::remove: The process cannot access the file because it is being used by another process: "C:/Users/Dhruv/Desktop/DSD II/Lab_2/Lab_2.sim/sim_1/synth/timing/xsim/simulate.log"
launch_simulation
boost::filesystem::remove: The process cannot access the file because it is being used by another process: "C:/Users/Dhruv/Desktop/DSD II/Lab_2/Lab_2.sim/sim_1/behav/xsim/simulate.log"
current_sim simulation_3
close_sim
INFO: [Simtcl 6-16] Simulation closed
close_sim
INFO: [Simtcl 6-16] Simulation closed
exit
INFO: [Common 17-206] Exiting Vivado at Tue Sep 15 14:13:01 2020...
